[7.768s] DEBUG:colcon:Command line arguments: ['/usr/bin/colcon', 'build', '--symlink-install', '--parallel-workers', '1']
[7.768s] DEBUG:colcon:Parsed command line arguments: Namespace(log_base=None, log_level=None, verb_name='build', build_base='build', install_base='install', merge_install=False, symlink_install=True, test_result_base=None, continue_on_error=False, executor='parallel', parallel_workers=1, event_handlers=None, ignore_user_meta=False, metas=['./colcon.meta'], base_paths=['.'], packages_ignore=None, packages_ignore_regex=None, paths=None, packages_up_to=None, packages_up_to_regex=None, packages_above=None, packages_above_and_dependencies=None, packages_above_depth=None, packages_select_by_dep=None, packages_skip_by_dep=None, packages_skip_up_to=None, packages_select_build_failed=False, packages_skip_build_finished=False, packages_select_test_failures=False, packages_skip_test_passed=False, packages_select=None, packages_skip=None, packages_select_regex=None, packages_skip_regex=None, packages_start=None, packages_end=None, allow_overriding=[], cmake_args=None, cmake_target=None, cmake_target_skip_unavailable=False, cmake_clean_cache=False, cmake_clean_first=False, cmake_force_configure=False, ament_cmake_args=None, catkin_cmake_args=None, catkin_skip_building_tests=False, verb_parser=<colcon_defaults.argument_parser.defaults.DefaultArgumentsDecorator object at 0xffff87271c30>, verb_extension=<colcon_core.verb.build.BuildVerb object at 0xffff875115a0>, main=<bound method BuildVerb.main of <colcon_core.verb.build.BuildVerb object at 0xffff875115a0>>)
[8.138s] Level 1:colcon.colcon_core.package_discovery:discover_packages(colcon_meta) check parameters
[8.139s] Level 1:colcon.colcon_core.package_discovery:discover_packages(recursive) check parameters
[8.139s] Level 1:colcon.colcon_core.package_discovery:discover_packages(ignore) check parameters
[8.139s] Level 1:colcon.colcon_core.package_discovery:discover_packages(path) check parameters
[8.139s] Level 1:colcon.colcon_core.package_discovery:discover_packages(colcon_meta) discover
[8.139s] Level 1:colcon.colcon_core.package_discovery:discover_packages(recursive) discover
[8.139s] INFO:colcon.colcon_core.package_discovery:Crawling recursively for packages in '/home/pi/turtlebot3_ws'
[8.140s] Level 1:colcon.colcon_core.package_identification:_identify(.) by extensions ['ignore', 'ignore_ament_install']
[8.140s] Level 1:colcon.colcon_core.package_identification:_identify(.) by extension 'ignore'
[8.140s] Level 1:colcon.colcon_core.package_identification:_identify(.) by extension 'ignore_ament_install'
[8.141s] Level 1:colcon.colcon_core.package_identification:_identify(.) by extensions ['colcon_pkg']
[8.141s] Level 1:colcon.colcon_core.package_identification:_identify(.) by extension 'colcon_pkg'
[8.141s] Level 1:colcon.colcon_core.package_identification:_identify(.) by extensions ['colcon_meta']
[8.141s] Level 1:colcon.colcon_core.package_identification:_identify(.) by extension 'colcon_meta'
[8.141s] Level 1:colcon.colcon_core.package_identification:_identify(.) by extensions ['ros']
[8.141s] Level 1:colcon.colcon_core.package_identification:_identify(.) by extension 'ros'
[8.223s] Level 1:colcon.colcon_core.package_identification:_identify(.) by extensions ['cmake', 'python']
[8.224s] Level 1:colcon.colcon_core.package_identification:_identify(.) by extension 'cmake'
[8.224s] Level 1:colcon.colcon_core.package_identification:_identify(.) by extension 'python'
[8.224s] Level 1:colcon.colcon_core.package_identification:_identify(.) by extensions ['python_setup_py']
[8.224s] Level 1:colcon.colcon_core.package_identification:_identify(.) by extension 'python_setup_py'
[8.225s] Level 1:colcon.colcon_core.package_identification:_identify(build) by extensions ['ignore', 'ignore_ament_install']
[8.225s] Level 1:colcon.colcon_core.package_identification:_identify(build) by extension 'ignore'
[8.226s] Level 1:colcon.colcon_core.package_identification:_identify(build) ignored
[8.226s] Level 1:colcon.colcon_core.package_identification:_identify(install) by extensions ['ignore', 'ignore_ament_install']
[8.227s] Level 1:colcon.colcon_core.package_identification:_identify(install) by extension 'ignore'
[8.227s] Level 1:colcon.colcon_core.package_identification:_identify(install) ignored
[8.228s] Level 1:colcon.colcon_core.package_identification:_identify(log) by extensions ['ignore', 'ignore_ament_install']
[8.228s] Level 1:colcon.colcon_core.package_identification:_identify(log) by extension 'ignore'
[8.228s] Level 1:colcon.colcon_core.package_identification:_identify(log) ignored
[8.229s] Level 1:colcon.colcon_core.package_identification:_identify(src) by extensions ['ignore', 'ignore_ament_install']
[8.229s] Level 1:colcon.colcon_core.package_identification:_identify(src) by extension 'ignore'
[8.229s] Level 1:colcon.colcon_core.package_identification:_identify(src) by extension 'ignore_ament_install'
[8.229s] Level 1:colcon.colcon_core.package_identification:_identify(src) by extensions ['colcon_pkg']
[8.229s] Level 1:colcon.colcon_core.package_identification:_identify(src) by extension 'colcon_pkg'
[8.230s] Level 1:colcon.colcon_core.package_identification:_identify(src) by extensions ['colcon_meta']
[8.230s] Level 1:colcon.colcon_core.package_identification:_identify(src) by extension 'colcon_meta'
[8.230s] Level 1:colcon.colcon_core.package_identification:_identify(src) by extensions ['ros']
[8.230s] Level 1:colcon.colcon_core.package_identification:_identify(src) by extension 'ros'
[8.230s] Level 1:colcon.colcon_core.package_identification:_identify(src) by extensions ['cmake', 'python']
[8.231s] Level 1:colcon.colcon_core.package_identification:_identify(src) by extension 'cmake'
[8.231s] Level 1:colcon.colcon_core.package_identification:_identify(src) by extension 'python'
[8.231s] Level 1:colcon.colcon_core.package_identification:_identify(src) by extensions ['python_setup_py']
[8.231s] Level 1:colcon.colcon_core.package_identification:_identify(src) by extension 'python_setup_py'
[8.234s] Level 1:colcon.colcon_core.package_identification:_identify(src/ld08_driver) by extensions ['ignore', 'ignore_ament_install']
[8.234s] Level 1:colcon.colcon_core.package_identification:_identify(src/ld08_driver) by extension 'ignore'
[8.235s] Level 1:colcon.colcon_core.package_identification:_identify(src/ld08_driver) by extension 'ignore_ament_install'
[8.235s] Level 1:colcon.colcon_core.package_identification:_identify(src/ld08_driver) by extensions ['colcon_pkg']
[8.235s] Level 1:colcon.colcon_core.package_identification:_identify(src/ld08_driver) by extension 'colcon_pkg'
[8.236s] Level 1:colcon.colcon_core.package_identification:_identify(src/ld08_driver) by extensions ['colcon_meta']
[8.236s] Level 1:colcon.colcon_core.package_identification:_identify(src/ld08_driver) by extension 'colcon_meta'
[8.236s] Level 1:colcon.colcon_core.package_identification:_identify(src/ld08_driver) by extensions ['ros']
[8.236s] Level 1:colcon.colcon_core.package_identification:_identify(src/ld08_driver) by extension 'ros'
[8.257s] DEBUG:colcon.colcon_core.package_identification:Package 'src/ld08_driver' with type 'ros.ament_cmake' and name 'ld08_driver'
[8.258s] Level 1:colcon.colcon_core.package_identification:_identify(src/turtlebot3) by extensions ['ignore', 'ignore_ament_install']
[8.258s] Level 1:colcon.colcon_core.package_identification:_identify(src/turtlebot3) by extension 'ignore'
[8.259s] Level 1:colcon.colcon_core.package_identification:_identify(src/turtlebot3) by extension 'ignore_ament_install'
[8.259s] Level 1:colcon.colcon_core.package_identification:_identify(src/turtlebot3) by extensions ['colcon_pkg']
[8.260s] Level 1:colcon.colcon_core.package_identification:_identify(src/turtlebot3) by extension 'colcon_pkg'
[8.260s] Level 1:colcon.colcon_core.package_identification:_identify(src/turtlebot3) by extensions ['colcon_meta']
[8.260s] Level 1:colcon.colcon_core.package_identification:_identify(src/turtlebot3) by extension 'colcon_meta'
[8.260s] Level 1:colcon.colcon_core.package_identification:_identify(src/turtlebot3) by extensions ['ros']
[8.260s] Level 1:colcon.colcon_core.package_identification:_identify(src/turtlebot3) by extension 'ros'
[8.261s] Level 1:colcon.colcon_core.package_identification:_identify(src/turtlebot3) by extensions ['cmake', 'python']
[8.261s] Level 1:colcon.colcon_core.package_identification:_identify(src/turtlebot3) by extension 'cmake'
[8.261s] Level 1:colcon.colcon_core.package_identification:_identify(src/turtlebot3) by extension 'python'
[8.261s] Level 1:colcon.colcon_core.package_identification:_identify(src/turtlebot3) by extensions ['python_setup_py']
[8.262s] Level 1:colcon.colcon_core.package_identification:_identify(src/turtlebot3) by extension 'python_setup_py'
[8.264s] Level 1:colcon.colcon_core.package_identification:_identify(src/turtlebot3/turtlebot3) by extensions ['ignore', 'ignore_ament_install']
[8.265s] Level 1:colcon.colcon_core.package_identification:_identify(src/turtlebot3/turtlebot3) by extension 'ignore'
[8.265s] Level 1:colcon.colcon_core.package_identification:_identify(src/turtlebot3/turtlebot3) by extension 'ignore_ament_install'
[8.266s] Level 1:colcon.colcon_core.package_identification:_identify(src/turtlebot3/turtlebot3) by extensions ['colcon_pkg']
[8.266s] Level 1:colcon.colcon_core.package_identification:_identify(src/turtlebot3/turtlebot3) by extension 'colcon_pkg'
[8.266s] Level 1:colcon.colcon_core.package_identification:_identify(src/turtlebot3/turtlebot3) by extensions ['colcon_meta']
[8.266s] Level 1:colcon.colcon_core.package_identification:_identify(src/turtlebot3/turtlebot3) by extension 'colcon_meta'
[8.267s] Level 1:colcon.colcon_core.package_identification:_identify(src/turtlebot3/turtlebot3) by extensions ['ros']
[8.267s] Level 1:colcon.colcon_core.package_identification:_identify(src/turtlebot3/turtlebot3) by extension 'ros'
[8.271s] DEBUG:colcon.colcon_core.package_identification:Package 'src/turtlebot3/turtlebot3' with type 'ros.ament_cmake' and name 'turtlebot3'
[8.273s] Level 1:colcon.colcon_core.package_identification:_identify(src/turtlebot3/turtlebot3_bringup) by extensions ['ignore', 'ignore_ament_install']
[8.274s] Level 1:colcon.colcon_core.package_identification:_identify(src/turtlebot3/turtlebot3_bringup) by extension 'ignore'
[8.274s] Level 1:colcon.colcon_core.package_identification:_identify(src/turtlebot3/turtlebot3_bringup) by extension 'ignore_ament_install'
[8.274s] Level 1:colcon.colcon_core.package_identification:_identify(src/turtlebot3/turtlebot3_bringup) by extensions ['colcon_pkg']
[8.274s] Level 1:colcon.colcon_core.package_identification:_identify(src/turtlebot3/turtlebot3_bringup) by extension 'colcon_pkg'
[8.275s] Level 1:colcon.colcon_core.package_identification:_identify(src/turtlebot3/turtlebot3_bringup) by extensions ['colcon_meta']
[8.275s] Level 1:colcon.colcon_core.package_identification:_identify(src/turtlebot3/turtlebot3_bringup) by extension 'colcon_meta'
[8.275s] Level 1:colcon.colcon_core.package_identification:_identify(src/turtlebot3/turtlebot3_bringup) by extensions ['ros']
[8.275s] Level 1:colcon.colcon_core.package_identification:_identify(src/turtlebot3/turtlebot3_bringup) by extension 'ros'
[8.280s] DEBUG:colcon.colcon_core.package_identification:Package 'src/turtlebot3/turtlebot3_bringup' with type 'ros.ament_cmake' and name 'turtlebot3_bringup'
[8.282s] Level 1:colcon.colcon_core.package_identification:_identify(src/turtlebot3/turtlebot3_description) by extensions ['ignore', 'ignore_ament_install']
[8.283s] Level 1:colcon.colcon_core.package_identification:_identify(src/turtlebot3/turtlebot3_description) by extension 'ignore'
[8.283s] Level 1:colcon.colcon_core.package_identification:_identify(src/turtlebot3/turtlebot3_description) by extension 'ignore_ament_install'
[8.283s] Level 1:colcon.colcon_core.package_identification:_identify(src/turtlebot3/turtlebot3_description) by extensions ['colcon_pkg']
[8.284s] Level 1:colcon.colcon_core.package_identification:_identify(src/turtlebot3/turtlebot3_description) by extension 'colcon_pkg'
[8.284s] Level 1:colcon.colcon_core.package_identification:_identify(src/turtlebot3/turtlebot3_description) by extensions ['colcon_meta']
[8.284s] Level 1:colcon.colcon_core.package_identification:_identify(src/turtlebot3/turtlebot3_description) by extension 'colcon_meta'
[8.284s] Level 1:colcon.colcon_core.package_identification:_identify(src/turtlebot3/turtlebot3_description) by extensions ['ros']
[8.284s] Level 1:colcon.colcon_core.package_identification:_identify(src/turtlebot3/turtlebot3_description) by extension 'ros'
[8.289s] DEBUG:colcon.colcon_core.package_identification:Package 'src/turtlebot3/turtlebot3_description' with type 'ros.ament_cmake' and name 'turtlebot3_description'
[8.291s] Level 1:colcon.colcon_core.package_identification:_identify(src/turtlebot3/turtlebot3_example) by extensions ['ignore', 'ignore_ament_install']
[8.296s] Level 1:colcon.colcon_core.package_identification:_identify(src/turtlebot3/turtlebot3_example) by extension 'ignore'
[8.297s] Level 1:colcon.colcon_core.package_identification:_identify(src/turtlebot3/turtlebot3_example) by extension 'ignore_ament_install'
[8.298s] Level 1:colcon.colcon_core.package_identification:_identify(src/turtlebot3/turtlebot3_example) by extensions ['colcon_pkg']
[8.298s] Level 1:colcon.colcon_core.package_identification:_identify(src/turtlebot3/turtlebot3_example) by extension 'colcon_pkg'
[8.298s] Level 1:colcon.colcon_core.package_identification:_identify(src/turtlebot3/turtlebot3_example) by extensions ['colcon_meta']
[8.299s] Level 1:colcon.colcon_core.package_identification:_identify(src/turtlebot3/turtlebot3_example) by extension 'colcon_meta'
[8.299s] Level 1:colcon.colcon_core.package_identification:_identify(src/turtlebot3/turtlebot3_example) by extensions ['ros']
[8.299s] Level 1:colcon.colcon_core.package_identification:_identify(src/turtlebot3/turtlebot3_example) by extension 'ros'
[8.304s] DEBUG:colcon.colcon_core.package_identification:Package 'src/turtlebot3/turtlebot3_example' with type 'ros.ament_python' and name 'turtlebot3_example'
[8.305s] Level 1:colcon.colcon_core.package_identification:_identify(src/turtlebot3/turtlebot3_node) by extensions ['ignore', 'ignore_ament_install']
[8.305s] Level 1:colcon.colcon_core.package_identification:_identify(src/turtlebot3/turtlebot3_node) by extension 'ignore'
[8.306s] Level 1:colcon.colcon_core.package_identification:_identify(src/turtlebot3/turtlebot3_node) by extension 'ignore_ament_install'
[8.306s] Level 1:colcon.colcon_core.package_identification:_identify(src/turtlebot3/turtlebot3_node) by extensions ['colcon_pkg']
[8.306s] Level 1:colcon.colcon_core.package_identification:_identify(src/turtlebot3/turtlebot3_node) by extension 'colcon_pkg'
[8.306s] Level 1:colcon.colcon_core.package_identification:_identify(src/turtlebot3/turtlebot3_node) by extensions ['colcon_meta']
[8.306s] Level 1:colcon.colcon_core.package_identification:_identify(src/turtlebot3/turtlebot3_node) by extension 'colcon_meta'
[8.307s] Level 1:colcon.colcon_core.package_identification:_identify(src/turtlebot3/turtlebot3_node) by extensions ['ros']
[8.307s] Level 1:colcon.colcon_core.package_identification:_identify(src/turtlebot3/turtlebot3_node) by extension 'ros'
[8.313s] DEBUG:colcon.colcon_core.package_identification:Package 'src/turtlebot3/turtlebot3_node' with type 'ros.ament_cmake' and name 'turtlebot3_node'
[8.316s] Level 1:colcon.colcon_core.package_identification:_identify(src/turtlebot3/turtlebot3_teleop) by extensions ['ignore', 'ignore_ament_install']
[8.316s] Level 1:colcon.colcon_core.package_identification:_identify(src/turtlebot3/turtlebot3_teleop) by extension 'ignore'
[8.316s] Level 1:colcon.colcon_core.package_identification:_identify(src/turtlebot3/turtlebot3_teleop) by extension 'ignore_ament_install'
[8.317s] Level 1:colcon.colcon_core.package_identification:_identify(src/turtlebot3/turtlebot3_teleop) by extensions ['colcon_pkg']
[8.317s] Level 1:colcon.colcon_core.package_identification:_identify(src/turtlebot3/turtlebot3_teleop) by extension 'colcon_pkg'
[8.317s] Level 1:colcon.colcon_core.package_identification:_identify(src/turtlebot3/turtlebot3_teleop) by extensions ['colcon_meta']
[8.317s] Level 1:colcon.colcon_core.package_identification:_identify(src/turtlebot3/turtlebot3_teleop) by extension 'colcon_meta'
[8.317s] Level 1:colcon.colcon_core.package_identification:_identify(src/turtlebot3/turtlebot3_teleop) by extensions ['ros']
[8.318s] Level 1:colcon.colcon_core.package_identification:_identify(src/turtlebot3/turtlebot3_teleop) by extension 'ros'
[8.321s] DEBUG:colcon.colcon_core.package_identification:Package 'src/turtlebot3/turtlebot3_teleop' with type 'ros.ament_python' and name 'turtlebot3_teleop'
[8.322s] Level 1:colcon.colcon_core.package_discovery:discover_packages(recursive) using defaults
[8.322s] Level 1:colcon.colcon_core.package_discovery:discover_packages(ignore) discover
[8.322s] Level 1:colcon.colcon_core.package_discovery:discover_packages(ignore) using defaults
[8.322s] Level 1:colcon.colcon_core.package_discovery:discover_packages(path) discover
[8.322s] Level 1:colcon.colcon_core.package_discovery:discover_packages(path) using defaults
[8.925s] Level 1:colcon.colcon_core.package_discovery:discover_packages(prefix_path) check parameters
[8.925s] Level 1:colcon.colcon_core.package_discovery:discover_packages(prefix_path) discover
[9.105s] DEBUG:colcon.colcon_installed_package_information.package_discovery:Found 1 installed packages in /home/pi/turtlebot3_ws/install
[9.179s] DEBUG:colcon.colcon_installed_package_information.package_discovery:Found 0 installed packages in /home/pi/ros2_ws/install
[9.251s] DEBUG:colcon.colcon_installed_package_information.package_discovery:Found 2 installed packages in /home/pi/install
[9.326s] DEBUG:colcon.colcon_installed_package_information.package_discovery:Found 273 installed packages in /opt/ros/humble
[9.332s] Level 1:colcon.colcon_core.package_discovery:discover_packages(prefix_path) using defaults
[10.014s] Level 5:colcon.colcon_core.verb:set package 'ld08_driver' build argument 'cmake_args' from command line to 'None'
[10.014s] Level 5:colcon.colcon_core.verb:set package 'ld08_driver' build argument 'cmake_target' from command line to 'None'
[10.014s] Level 5:colcon.colcon_core.verb:set package 'ld08_driver' build argument 'cmake_target_skip_unavailable' from command line to 'False'
[10.014s] Level 5:colcon.colcon_core.verb:set package 'ld08_driver' build argument 'cmake_clean_cache' from command line to 'False'
[10.015s] Level 5:colcon.colcon_core.verb:set package 'ld08_driver' build argument 'cmake_clean_first' from command line to 'False'
[10.015s] Level 5:colcon.colcon_core.verb:set package 'ld08_driver' build argument 'cmake_force_configure' from command line to 'False'
[10.015s] Level 5:colcon.colcon_core.verb:set package 'ld08_driver' build argument 'ament_cmake_args' from command line to 'None'
[10.015s] Level 5:colcon.colcon_core.verb:set package 'ld08_driver' build argument 'catkin_cmake_args' from command line to 'None'
[10.015s] Level 5:colcon.colcon_core.verb:set package 'ld08_driver' build argument 'catkin_skip_building_tests' from command line to 'False'
[10.015s] DEBUG:colcon.colcon_core.verb:Building package 'ld08_driver' with the following arguments: {'ament_cmake_args': None, 'build_base': '/home/pi/turtlebot3_ws/build/ld08_driver', 'catkin_cmake_args': None, 'catkin_skip_building_tests': False, 'cmake_args': None, 'cmake_clean_cache': False, 'cmake_clean_first': False, 'cmake_force_configure': False, 'cmake_target': None, 'cmake_target_skip_unavailable': False, 'install_base': '/home/pi/turtlebot3_ws/install/ld08_driver', 'merge_install': False, 'path': '/home/pi/turtlebot3_ws/src/ld08_driver', 'symlink_install': True, 'test_result_base': None}
[10.076s] Level 5:colcon.colcon_core.verb:set package 'turtlebot3_description' build argument 'cmake_args' from command line to 'None'
[10.077s] Level 5:colcon.colcon_core.verb:set package 'turtlebot3_description' build argument 'cmake_target' from command line to 'None'
[10.077s] Level 5:colcon.colcon_core.verb:set package 'turtlebot3_description' build argument 'cmake_target_skip_unavailable' from command line to 'False'
[10.077s] Level 5:colcon.colcon_core.verb:set package 'turtlebot3_description' build argument 'cmake_clean_cache' from command line to 'False'
[10.077s] Level 5:colcon.colcon_core.verb:set package 'turtlebot3_description' build argument 'cmake_clean_first' from command line to 'False'
[10.077s] Level 5:colcon.colcon_core.verb:set package 'turtlebot3_description' build argument 'cmake_force_configure' from command line to 'False'
[10.077s] Level 5:colcon.colcon_core.verb:set package 'turtlebot3_description' build argument 'ament_cmake_args' from command line to 'None'
[10.077s] Level 5:colcon.colcon_core.verb:set package 'turtlebot3_description' build argument 'catkin_cmake_args' from command line to 'None'
[10.077s] Level 5:colcon.colcon_core.verb:set package 'turtlebot3_description' build argument 'catkin_skip_building_tests' from command line to 'False'
[10.077s] DEBUG:colcon.colcon_core.verb:Building package 'turtlebot3_description' with the following arguments: {'ament_cmake_args': None, 'build_base': '/home/pi/turtlebot3_ws/build/turtlebot3_description', 'catkin_cmake_args': None, 'catkin_skip_building_tests': False, 'cmake_args': None, 'cmake_clean_cache': False, 'cmake_clean_first': False, 'cmake_force_configure': False, 'cmake_target': None, 'cmake_target_skip_unavailable': False, 'install_base': '/home/pi/turtlebot3_ws/install/turtlebot3_description', 'merge_install': False, 'path': '/home/pi/turtlebot3_ws/src/turtlebot3/turtlebot3_description', 'symlink_install': True, 'test_result_base': None}
[10.149s] Level 5:colcon.colcon_core.verb:set package 'turtlebot3_example' build argument 'cmake_args' from command line to 'None'
[10.149s] Level 5:colcon.colcon_core.verb:set package 'turtlebot3_example' build argument 'cmake_target' from command line to 'None'
[10.149s] Level 5:colcon.colcon_core.verb:set package 'turtlebot3_example' build argument 'cmake_target_skip_unavailable' from command line to 'False'
[10.149s] Level 5:colcon.colcon_core.verb:set package 'turtlebot3_example' build argument 'cmake_clean_cache' from command line to 'False'
[10.149s] Level 5:colcon.colcon_core.verb:set package 'turtlebot3_example' build argument 'cmake_clean_first' from command line to 'False'
[10.150s] Level 5:colcon.colcon_core.verb:set package 'turtlebot3_example' build argument 'cmake_force_configure' from command line to 'False'
[10.150s] Level 5:colcon.colcon_core.verb:set package 'turtlebot3_example' build argument 'ament_cmake_args' from command line to 'None'
[10.150s] Level 5:colcon.colcon_core.verb:set package 'turtlebot3_example' build argument 'catkin_cmake_args' from command line to 'None'
[10.150s] Level 5:colcon.colcon_core.verb:set package 'turtlebot3_example' build argument 'catkin_skip_building_tests' from command line to 'False'
[10.150s] DEBUG:colcon.colcon_core.verb:Building package 'turtlebot3_example' with the following arguments: {'ament_cmake_args': None, 'build_base': '/home/pi/turtlebot3_ws/build/turtlebot3_example', 'catkin_cmake_args': None, 'catkin_skip_building_tests': False, 'cmake_args': None, 'cmake_clean_cache': False, 'cmake_clean_first': False, 'cmake_force_configure': False, 'cmake_target': None, 'cmake_target_skip_unavailable': False, 'install_base': '/home/pi/turtlebot3_ws/install/turtlebot3_example', 'merge_install': False, 'path': '/home/pi/turtlebot3_ws/src/turtlebot3/turtlebot3_example', 'symlink_install': True, 'test_result_base': None}
[10.210s] Level 5:colcon.colcon_core.verb:set package 'turtlebot3_node' build argument 'cmake_args' from command line to 'None'
[10.210s] Level 5:colcon.colcon_core.verb:set package 'turtlebot3_node' build argument 'cmake_target' from command line to 'None'
[10.210s] Level 5:colcon.colcon_core.verb:set package 'turtlebot3_node' build argument 'cmake_target_skip_unavailable' from command line to 'False'
[10.210s] Level 5:colcon.colcon_core.verb:set package 'turtlebot3_node' build argument 'cmake_clean_cache' from command line to 'False'
[10.210s] Level 5:colcon.colcon_core.verb:set package 'turtlebot3_node' build argument 'cmake_clean_first' from command line to 'False'
[10.210s] Level 5:colcon.colcon_core.verb:set package 'turtlebot3_node' build argument 'cmake_force_configure' from command line to 'False'
[10.211s] Level 5:colcon.colcon_core.verb:set package 'turtlebot3_node' build argument 'ament_cmake_args' from command line to 'None'
[10.211s] Level 5:colcon.colcon_core.verb:set package 'turtlebot3_node' build argument 'catkin_cmake_args' from command line to 'None'
[10.211s] Level 5:colcon.colcon_core.verb:set package 'turtlebot3_node' build argument 'catkin_skip_building_tests' from command line to 'False'
[10.211s] DEBUG:colcon.colcon_core.verb:Building package 'turtlebot3_node' with the following arguments: {'ament_cmake_args': None, 'build_base': '/home/pi/turtlebot3_ws/build/turtlebot3_node', 'catkin_cmake_args': None, 'catkin_skip_building_tests': False, 'cmake_args': None, 'cmake_clean_cache': False, 'cmake_clean_first': False, 'cmake_force_configure': False, 'cmake_target': None, 'cmake_target_skip_unavailable': False, 'install_base': '/home/pi/turtlebot3_ws/install/turtlebot3_node', 'merge_install': False, 'path': '/home/pi/turtlebot3_ws/src/turtlebot3/turtlebot3_node', 'symlink_install': True, 'test_result_base': None}
[10.272s] Level 5:colcon.colcon_core.verb:set package 'turtlebot3_teleop' build argument 'cmake_args' from command line to 'None'
[10.273s] Level 5:colcon.colcon_core.verb:set package 'turtlebot3_teleop' build argument 'cmake_target' from command line to 'None'
[10.273s] Level 5:colcon.colcon_core.verb:set package 'turtlebot3_teleop' build argument 'cmake_target_skip_unavailable' from command line to 'False'
[10.273s] Level 5:colcon.colcon_core.verb:set package 'turtlebot3_teleop' build argument 'cmake_clean_cache' from command line to 'False'
[10.273s] Level 5:colcon.colcon_core.verb:set package 'turtlebot3_teleop' build argument 'cmake_clean_first' from command line to 'False'
[10.273s] Level 5:colcon.colcon_core.verb:set package 'turtlebot3_teleop' build argument 'cmake_force_configure' from command line to 'False'
[10.273s] Level 5:colcon.colcon_core.verb:set package 'turtlebot3_teleop' build argument 'ament_cmake_args' from command line to 'None'
[10.273s] Level 5:colcon.colcon_core.verb:set package 'turtlebot3_teleop' build argument 'catkin_cmake_args' from command line to 'None'
[10.273s] Level 5:colcon.colcon_core.verb:set package 'turtlebot3_teleop' build argument 'catkin_skip_building_tests' from command line to 'False'
[10.273s] DEBUG:colcon.colcon_core.verb:Building package 'turtlebot3_teleop' with the following arguments: {'ament_cmake_args': None, 'build_base': '/home/pi/turtlebot3_ws/build/turtlebot3_teleop', 'catkin_cmake_args': None, 'catkin_skip_building_tests': False, 'cmake_args': None, 'cmake_clean_cache': False, 'cmake_clean_first': False, 'cmake_force_configure': False, 'cmake_target': None, 'cmake_target_skip_unavailable': False, 'install_base': '/home/pi/turtlebot3_ws/install/turtlebot3_teleop', 'merge_install': False, 'path': '/home/pi/turtlebot3_ws/src/turtlebot3/turtlebot3_teleop', 'symlink_install': True, 'test_result_base': None}
[10.333s] Level 5:colcon.colcon_core.verb:set package 'turtlebot3_bringup' build argument 'cmake_args' from command line to 'None'
[10.334s] Level 5:colcon.colcon_core.verb:set package 'turtlebot3_bringup' build argument 'cmake_target' from command line to 'None'
[10.334s] Level 5:colcon.colcon_core.verb:set package 'turtlebot3_bringup' build argument 'cmake_target_skip_unavailable' from command line to 'False'
[10.334s] Level 5:colcon.colcon_core.verb:set package 'turtlebot3_bringup' build argument 'cmake_clean_cache' from command line to 'False'
[10.334s] Level 5:colcon.colcon_core.verb:set package 'turtlebot3_bringup' build argument 'cmake_clean_first' from command line to 'False'
[10.334s] Level 5:colcon.colcon_core.verb:set package 'turtlebot3_bringup' build argument 'cmake_force_configure' from command line to 'False'
[10.334s] Level 5:colcon.colcon_core.verb:set package 'turtlebot3_bringup' build argument 'ament_cmake_args' from command line to 'None'
[10.334s] Level 5:colcon.colcon_core.verb:set package 'turtlebot3_bringup' build argument 'catkin_cmake_args' from command line to 'None'
[10.334s] Level 5:colcon.colcon_core.verb:set package 'turtlebot3_bringup' build argument 'catkin_skip_building_tests' from command line to 'False'
[10.335s] DEBUG:colcon.colcon_core.verb:Building package 'turtlebot3_bringup' with the following arguments: {'ament_cmake_args': None, 'build_base': '/home/pi/turtlebot3_ws/build/turtlebot3_bringup', 'catkin_cmake_args': None, 'catkin_skip_building_tests': False, 'cmake_args': None, 'cmake_clean_cache': False, 'cmake_clean_first': False, 'cmake_force_configure': False, 'cmake_target': None, 'cmake_target_skip_unavailable': False, 'install_base': '/home/pi/turtlebot3_ws/install/turtlebot3_bringup', 'merge_install': False, 'path': '/home/pi/turtlebot3_ws/src/turtlebot3/turtlebot3_bringup', 'symlink_install': True, 'test_result_base': None}
[10.394s] Level 5:colcon.colcon_core.verb:set package 'turtlebot3' build argument 'cmake_args' from command line to 'None'
[10.394s] Level 5:colcon.colcon_core.verb:set package 'turtlebot3' build argument 'cmake_target' from command line to 'None'
[10.395s] Level 5:colcon.colcon_core.verb:set package 'turtlebot3' build argument 'cmake_target_skip_unavailable' from command line to 'False'
[10.395s] Level 5:colcon.colcon_core.verb:set package 'turtlebot3' build argument 'cmake_clean_cache' from command line to 'False'
[10.395s] Level 5:colcon.colcon_core.verb:set package 'turtlebot3' build argument 'cmake_clean_first' from command line to 'False'
[10.395s] Level 5:colcon.colcon_core.verb:set package 'turtlebot3' build argument 'cmake_force_configure' from command line to 'False'
[10.395s] Level 5:colcon.colcon_core.verb:set package 'turtlebot3' build argument 'ament_cmake_args' from command line to 'None'
[10.395s] Level 5:colcon.colcon_core.verb:set package 'turtlebot3' build argument 'catkin_cmake_args' from command line to 'None'
[10.395s] Level 5:colcon.colcon_core.verb:set package 'turtlebot3' build argument 'catkin_skip_building_tests' from command line to 'False'
[10.395s] DEBUG:colcon.colcon_core.verb:Building package 'turtlebot3' with the following arguments: {'ament_cmake_args': None, 'build_base': '/home/pi/turtlebot3_ws/build/turtlebot3', 'catkin_cmake_args': None, 'catkin_skip_building_tests': False, 'cmake_args': None, 'cmake_clean_cache': False, 'cmake_clean_first': False, 'cmake_force_configure': False, 'cmake_target': None, 'cmake_target_skip_unavailable': False, 'install_base': '/home/pi/turtlebot3_ws/install/turtlebot3', 'merge_install': False, 'path': '/home/pi/turtlebot3_ws/src/turtlebot3/turtlebot3', 'symlink_install': True, 'test_result_base': None}
[10.454s] INFO:colcon.colcon_core.executor:Executing jobs using 'parallel' executor
[10.516s] DEBUG:colcon.colcon_parallel_executor.executor.parallel:run_until_complete
[10.517s] INFO:colcon.colcon_ros.task.ament_cmake.build:Building ROS package in '/home/pi/turtlebot3_ws/src/turtlebot3/turtlebot3_description' with build type 'ament_cmake'
[10.518s] INFO:colcon.colcon_cmake.task.cmake.build:Building CMake package in '/home/pi/turtlebot3_ws/src/turtlebot3/turtlebot3_description'
[10.622s] INFO:colcon.colcon_core.plugin_system:Skipping extension 'colcon_core.shell.bat': Not used on non-Windows systems
[10.624s] INFO:colcon.colcon_core.shell:Skip shell extension 'powershell' for command environment: Not usable outside of PowerShell
[10.624s] DEBUG:colcon.colcon_core.shell:Skip shell extension 'dsv' for command environment
[11.207s] DEBUG:colcon.colcon_core.event_handler.log_command:Invoking command in '/home/pi/turtlebot3_ws/build/turtlebot3_description': CMAKE_PREFIX_PATH=${CMAKE_PREFIX_PATH}:/home/pi/install/my_robot_controller:/home/pi/install/MyControlBot:/opt/ros/humble /usr/bin/cmake --build /home/pi/turtlebot3_ws/build/turtlebot3_description -- -j4 -l4
[11.800s] DEBUG:colcon.colcon_core.event_handler.log_command:Invoked command in '/home/pi/turtlebot3_ws/build/turtlebot3_description' returned '0': CMAKE_PREFIX_PATH=${CMAKE_PREFIX_PATH}:/home/pi/install/my_robot_controller:/home/pi/install/MyControlBot:/opt/ros/humble /usr/bin/cmake --build /home/pi/turtlebot3_ws/build/turtlebot3_description -- -j4 -l4
[11.960s] DEBUG:colcon.colcon_core.event_handler.log_command:Invoking command in '/home/pi/turtlebot3_ws/build/turtlebot3_description': CMAKE_PREFIX_PATH=${CMAKE_PREFIX_PATH}:/home/pi/install/my_robot_controller:/home/pi/install/MyControlBot:/opt/ros/humble /usr/bin/cmake --install /home/pi/turtlebot3_ws/build/turtlebot3_description
[12.108s] Level 1:colcon.colcon_core.environment:create_environment_scripts_only(turtlebot3_description)
[12.110s] DEBUG:colcon.colcon_core.event_handler.log_command:Invoked command in '/home/pi/turtlebot3_ws/build/turtlebot3_description' returned '0': CMAKE_PREFIX_PATH=${CMAKE_PREFIX_PATH}:/home/pi/install/my_robot_controller:/home/pi/install/MyControlBot:/opt/ros/humble /usr/bin/cmake --install /home/pi/turtlebot3_ws/build/turtlebot3_description
[12.245s] Level 1:colcon.colcon_core.environment:checking '/home/pi/turtlebot3_ws/install/turtlebot3_description' for CMake module files
[12.249s] Level 1:colcon.colcon_core.environment:checking '/home/pi/turtlebot3_ws/install/turtlebot3_description' for CMake config files
[12.256s] Level 1:colcon.colcon_core.shell:create_environment_hook('turtlebot3_description', 'cmake_prefix_path')
[12.487s] INFO:colcon.colcon_core.shell:Creating environment hook '/home/pi/turtlebot3_ws/install/turtlebot3_description/share/turtlebot3_description/hook/cmake_prefix_path.ps1'
[12.496s] INFO:colcon.colcon_core.shell:Creating environment descriptor '/home/pi/turtlebot3_ws/install/turtlebot3_description/share/turtlebot3_description/hook/cmake_prefix_path.dsv'
[12.506s] INFO:colcon.colcon_core.shell:Creating environment hook '/home/pi/turtlebot3_ws/install/turtlebot3_description/share/turtlebot3_description/hook/cmake_prefix_path.sh'
[12.517s] Level 1:colcon.colcon_core.environment:checking '/home/pi/turtlebot3_ws/install/turtlebot3_description/bin'
[12.518s] Level 1:colcon.colcon_core.environment:checking '/home/pi/turtlebot3_ws/install/turtlebot3_description/lib/pkgconfig/turtlebot3_description.pc'
[12.520s] Level 1:colcon.colcon_core.environment:checking '/home/pi/turtlebot3_ws/install/turtlebot3_description/lib/python3.10/site-packages'
[12.524s] Level 1:colcon.colcon_core.environment:checking '/home/pi/turtlebot3_ws/install/turtlebot3_description/bin'
[12.821s] INFO:colcon.colcon_core.shell:Creating package script '/home/pi/turtlebot3_ws/install/turtlebot3_description/share/turtlebot3_description/package.ps1'
[12.837s] INFO:colcon.colcon_core.shell:Creating package descriptor '/home/pi/turtlebot3_ws/install/turtlebot3_description/share/turtlebot3_description/package.dsv'
[12.851s] INFO:colcon.colcon_core.shell:Creating package script '/home/pi/turtlebot3_ws/install/turtlebot3_description/share/turtlebot3_description/package.sh'
[12.863s] INFO:colcon.colcon_core.shell:Creating package script '/home/pi/turtlebot3_ws/install/turtlebot3_description/share/turtlebot3_description/package.bash'
[12.873s] INFO:colcon.colcon_core.shell:Creating package script '/home/pi/turtlebot3_ws/install/turtlebot3_description/share/turtlebot3_description/package.zsh'
[12.883s] Level 1:colcon.colcon_core.environment:create_file_with_runtime_dependencies(/home/pi/turtlebot3_ws/install/turtlebot3_description/share/colcon-core/packages/turtlebot3_description)
[13.108s] Level 1:colcon.colcon_core.environment:create_environment_scripts_only(turtlebot3_description)
[13.170s] Level 1:colcon.colcon_core.environment:checking '/home/pi/turtlebot3_ws/install/turtlebot3_description' for CMake module files
[13.173s] Level 1:colcon.colcon_core.environment:checking '/home/pi/turtlebot3_ws/install/turtlebot3_description' for CMake config files
[13.177s] Level 1:colcon.colcon_core.shell:create_environment_hook('turtlebot3_description', 'cmake_prefix_path')
[13.240s] INFO:colcon.colcon_core.shell:Creating environment hook '/home/pi/turtlebot3_ws/install/turtlebot3_description/share/turtlebot3_description/hook/cmake_prefix_path.ps1'
[13.242s] INFO:colcon.colcon_core.shell:Creating environment descriptor '/home/pi/turtlebot3_ws/install/turtlebot3_description/share/turtlebot3_description/hook/cmake_prefix_path.dsv'
[13.244s] INFO:colcon.colcon_core.shell:Creating environment hook '/home/pi/turtlebot3_ws/install/turtlebot3_description/share/turtlebot3_description/hook/cmake_prefix_path.sh'
[13.247s] Level 1:colcon.colcon_core.environment:checking '/home/pi/turtlebot3_ws/install/turtlebot3_description/bin'
[13.247s] Level 1:colcon.colcon_core.environment:checking '/home/pi/turtlebot3_ws/install/turtlebot3_description/lib/pkgconfig/turtlebot3_description.pc'
[13.248s] Level 1:colcon.colcon_core.environment:checking '/home/pi/turtlebot3_ws/install/turtlebot3_description/lib/python3.10/site-packages'
[13.249s] Level 1:colcon.colcon_core.environment:checking '/home/pi/turtlebot3_ws/install/turtlebot3_description/bin'
[13.313s] INFO:colcon.colcon_core.shell:Creating package script '/home/pi/turtlebot3_ws/install/turtlebot3_description/share/turtlebot3_description/package.ps1'
[13.316s] INFO:colcon.colcon_core.shell:Creating package descriptor '/home/pi/turtlebot3_ws/install/turtlebot3_description/share/turtlebot3_description/package.dsv'
[13.318s] INFO:colcon.colcon_core.shell:Creating package script '/home/pi/turtlebot3_ws/install/turtlebot3_description/share/turtlebot3_description/package.sh'
[13.320s] INFO:colcon.colcon_core.shell:Creating package script '/home/pi/turtlebot3_ws/install/turtlebot3_description/share/turtlebot3_description/package.bash'
[13.322s] INFO:colcon.colcon_core.shell:Creating package script '/home/pi/turtlebot3_ws/install/turtlebot3_description/share/turtlebot3_description/package.zsh'
[13.324s] Level 1:colcon.colcon_core.environment:create_file_with_runtime_dependencies(/home/pi/turtlebot3_ws/install/turtlebot3_description/share/colcon-core/packages/turtlebot3_description)
[13.326s] INFO:colcon.colcon_ros.task.ament_cmake.build:Building ROS package in '/home/pi/turtlebot3_ws/src/turtlebot3/turtlebot3_node' with build type 'ament_cmake'
[13.327s] INFO:colcon.colcon_cmake.task.cmake.build:Building CMake package in '/home/pi/turtlebot3_ws/src/turtlebot3/turtlebot3_node'
[13.412s] INFO:colcon.colcon_core.shell:Skip shell extension 'powershell' for command environment: Not usable outside of PowerShell
[13.412s] DEBUG:colcon.colcon_core.shell:Skip shell extension 'dsv' for command environment
[13.819s] DEBUG:colcon.colcon_core.event_handler.log_command:Invoking command in '/home/pi/turtlebot3_ws/build/turtlebot3_node': CMAKE_PREFIX_PATH=${CMAKE_PREFIX_PATH}:/home/pi/install/my_robot_controller:/home/pi/install/MyControlBot:/opt/ros/humble /usr/bin/cmake --build /home/pi/turtlebot3_ws/build/turtlebot3_node -- -j4 -l4
[132.156s] DEBUG:colcon.colcon_core.event_handler.log_command:Invoked command in '/home/pi/turtlebot3_ws/build/turtlebot3_node' returned '0': CMAKE_PREFIX_PATH=${CMAKE_PREFIX_PATH}:/home/pi/install/my_robot_controller:/home/pi/install/MyControlBot:/opt/ros/humble /usr/bin/cmake --build /home/pi/turtlebot3_ws/build/turtlebot3_node -- -j4 -l4
[132.469s] DEBUG:colcon.colcon_core.event_handler.log_command:Invoking command in '/home/pi/turtlebot3_ws/build/turtlebot3_node': CMAKE_PREFIX_PATH=${CMAKE_PREFIX_PATH}:/home/pi/install/my_robot_controller:/home/pi/install/MyControlBot:/opt/ros/humble /usr/bin/cmake --install /home/pi/turtlebot3_ws/build/turtlebot3_node
[133.194s] Level 1:colcon.colcon_core.environment:create_environment_scripts_only(turtlebot3_node)
[133.196s] DEBUG:colcon.colcon_core.event_handler.log_command:Invoked command in '/home/pi/turtlebot3_ws/build/turtlebot3_node' returned '0': CMAKE_PREFIX_PATH=${CMAKE_PREFIX_PATH}:/home/pi/install/my_robot_controller:/home/pi/install/MyControlBot:/opt/ros/humble /usr/bin/cmake --install /home/pi/turtlebot3_ws/build/turtlebot3_node
[133.265s] Level 1:colcon.colcon_core.environment:checking '/home/pi/turtlebot3_ws/install/turtlebot3_node' for CMake module files
[133.269s] Level 1:colcon.colcon_core.environment:checking '/home/pi/turtlebot3_ws/install/turtlebot3_node' for CMake config files
[133.271s] Level 1:colcon.colcon_core.shell:create_environment_hook('turtlebot3_node', 'cmake_prefix_path')
[133.332s] INFO:colcon.colcon_core.shell:Creating environment hook '/home/pi/turtlebot3_ws/install/turtlebot3_node/share/turtlebot3_node/hook/cmake_prefix_path.ps1'
[133.334s] INFO:colcon.colcon_core.shell:Creating environment descriptor '/home/pi/turtlebot3_ws/install/turtlebot3_node/share/turtlebot3_node/hook/cmake_prefix_path.dsv'
[133.335s] INFO:colcon.colcon_core.shell:Creating environment hook '/home/pi/turtlebot3_ws/install/turtlebot3_node/share/turtlebot3_node/hook/cmake_prefix_path.sh'
[133.338s] Level 1:colcon.colcon_core.environment:checking '/home/pi/turtlebot3_ws/install/turtlebot3_node/lib'
[133.339s] Level 1:colcon.colcon_core.environment:checking '/home/pi/turtlebot3_ws/install/turtlebot3_node/bin'
[133.339s] Level 1:colcon.colcon_core.environment:checking '/home/pi/turtlebot3_ws/install/turtlebot3_node/lib/pkgconfig/turtlebot3_node.pc'
[133.340s] Level 1:colcon.colcon_core.environment:checking '/home/pi/turtlebot3_ws/install/turtlebot3_node/lib/python3.10/site-packages'
[133.341s] Level 1:colcon.colcon_core.environment:checking '/home/pi/turtlebot3_ws/install/turtlebot3_node/bin'
[133.406s] INFO:colcon.colcon_core.shell:Creating package script '/home/pi/turtlebot3_ws/install/turtlebot3_node/share/turtlebot3_node/package.ps1'
[133.408s] INFO:colcon.colcon_core.shell:Creating package descriptor '/home/pi/turtlebot3_ws/install/turtlebot3_node/share/turtlebot3_node/package.dsv'
[133.410s] INFO:colcon.colcon_core.shell:Creating package script '/home/pi/turtlebot3_ws/install/turtlebot3_node/share/turtlebot3_node/package.sh'
[133.411s] INFO:colcon.colcon_core.shell:Creating package script '/home/pi/turtlebot3_ws/install/turtlebot3_node/share/turtlebot3_node/package.bash'
[133.413s] INFO:colcon.colcon_core.shell:Creating package script '/home/pi/turtlebot3_ws/install/turtlebot3_node/share/turtlebot3_node/package.zsh'
[133.414s] Level 1:colcon.colcon_core.environment:create_file_with_runtime_dependencies(/home/pi/turtlebot3_ws/install/turtlebot3_node/share/colcon-core/packages/turtlebot3_node)
[133.774s] Level 1:colcon.colcon_core.environment:create_environment_scripts_only(turtlebot3_node)
[133.836s] Level 1:colcon.colcon_core.environment:checking '/home/pi/turtlebot3_ws/install/turtlebot3_node' for CMake module files
[133.839s] Level 1:colcon.colcon_core.environment:checking '/home/pi/turtlebot3_ws/install/turtlebot3_node' for CMake config files
[133.842s] Level 1:colcon.colcon_core.shell:create_environment_hook('turtlebot3_node', 'cmake_prefix_path')
[133.905s] INFO:colcon.colcon_core.shell:Creating environment hook '/home/pi/turtlebot3_ws/install/turtlebot3_node/share/turtlebot3_node/hook/cmake_prefix_path.ps1'
[133.907s] INFO:colcon.colcon_core.shell:Creating environment descriptor '/home/pi/turtlebot3_ws/install/turtlebot3_node/share/turtlebot3_node/hook/cmake_prefix_path.dsv'
[133.909s] INFO:colcon.colcon_core.shell:Creating environment hook '/home/pi/turtlebot3_ws/install/turtlebot3_node/share/turtlebot3_node/hook/cmake_prefix_path.sh'
[133.911s] Level 1:colcon.colcon_core.environment:checking '/home/pi/turtlebot3_ws/install/turtlebot3_node/lib'
[133.911s] Level 1:colcon.colcon_core.environment:checking '/home/pi/turtlebot3_ws/install/turtlebot3_node/bin'
[133.912s] Level 1:colcon.colcon_core.environment:checking '/home/pi/turtlebot3_ws/install/turtlebot3_node/lib/pkgconfig/turtlebot3_node.pc'
[133.913s] Level 1:colcon.colcon_core.environment:checking '/home/pi/turtlebot3_ws/install/turtlebot3_node/lib/python3.10/site-packages'
[133.913s] Level 1:colcon.colcon_core.environment:checking '/home/pi/turtlebot3_ws/install/turtlebot3_node/bin'
[133.978s] INFO:colcon.colcon_core.shell:Creating package script '/home/pi/turtlebot3_ws/install/turtlebot3_node/share/turtlebot3_node/package.ps1'
[133.981s] INFO:colcon.colcon_core.shell:Creating package descriptor '/home/pi/turtlebot3_ws/install/turtlebot3_node/share/turtlebot3_node/package.dsv'
[133.983s] INFO:colcon.colcon_core.shell:Creating package script '/home/pi/turtlebot3_ws/install/turtlebot3_node/share/turtlebot3_node/package.sh'
[133.985s] INFO:colcon.colcon_core.shell:Creating package script '/home/pi/turtlebot3_ws/install/turtlebot3_node/share/turtlebot3_node/package.bash'
[133.987s] INFO:colcon.colcon_core.shell:Creating package script '/home/pi/turtlebot3_ws/install/turtlebot3_node/share/turtlebot3_node/package.zsh'
[133.989s] Level 1:colcon.colcon_core.environment:create_file_with_runtime_dependencies(/home/pi/turtlebot3_ws/install/turtlebot3_node/share/colcon-core/packages/turtlebot3_node)
[133.991s] INFO:colcon.colcon_ros.task.ament_python.build:Building ROS package in '/home/pi/turtlebot3_ws/src/turtlebot3/turtlebot3_example' with build type 'ament_python'
[133.991s] Level 1:colcon.colcon_core.shell:create_environment_hook('turtlebot3_example', 'ament_prefix_path')
[134.057s] INFO:colcon.colcon_core.shell:Creating environment hook '/home/pi/turtlebot3_ws/install/turtlebot3_example/share/turtlebot3_example/hook/ament_prefix_path.ps1'
[134.059s] INFO:colcon.colcon_core.shell:Creating environment descriptor '/home/pi/turtlebot3_ws/install/turtlebot3_example/share/turtlebot3_example/hook/ament_prefix_path.dsv'
[134.060s] INFO:colcon.colcon_core.shell:Creating environment hook '/home/pi/turtlebot3_ws/install/turtlebot3_example/share/turtlebot3_example/hook/ament_prefix_path.sh'
[134.122s] INFO:colcon.colcon_core.shell:Skip shell extension 'powershell' for command environment: Not usable outside of PowerShell
[134.122s] DEBUG:colcon.colcon_core.shell:Skip shell extension 'dsv' for command environment
[136.343s] INFO:colcon.colcon_core.task.python.build:Building Python package in '/home/pi/turtlebot3_ws/src/turtlebot3/turtlebot3_example'
[136.410s] INFO:colcon.colcon_core.shell:Skip shell extension 'powershell' for command environment: Not usable outside of PowerShell
[136.410s] DEBUG:colcon.colcon_core.shell:Skip shell extension 'dsv' for command environment
[138.703s] DEBUG:colcon.colcon_core.event_handler.log_command:Invoking command in '/home/pi/turtlebot3_ws/build/turtlebot3_example': PYTHONPATH=/home/pi/turtlebot3_ws/build/turtlebot3_example/prefix_override:/home/pi/turtlebot3_ws/install/turtlebot3_example/lib/python3.10/site-packages:${PYTHONPATH} /usr/bin/python3 setup.py develop --editable --build-directory /home/pi/turtlebot3_ws/build/turtlebot3_example/build --no-deps install_data
[140.911s] Level 1:colcon.colcon_core.shell:create_environment_hook('turtlebot3_example', 'pythonpath_develop')
[140.913s] DEBUG:colcon.colcon_core.event_handler.log_command:Invoked command in '/home/pi/turtlebot3_ws/build/turtlebot3_example' returned '0': PYTHONPATH=/home/pi/turtlebot3_ws/build/turtlebot3_example/prefix_override:/home/pi/turtlebot3_ws/install/turtlebot3_example/lib/python3.10/site-packages:${PYTHONPATH} /usr/bin/python3 setup.py develop --editable --build-directory /home/pi/turtlebot3_ws/build/turtlebot3_example/build --no-deps install_data
[140.980s] INFO:colcon.colcon_core.shell:Creating environment hook '/home/pi/turtlebot3_ws/build/turtlebot3_example/share/turtlebot3_example/hook/pythonpath_develop.ps1'
[140.982s] INFO:colcon.colcon_core.shell:Creating environment descriptor '/home/pi/turtlebot3_ws/build/turtlebot3_example/share/turtlebot3_example/hook/pythonpath_develop.dsv'
[140.983s] INFO:colcon.colcon_core.shell:Creating environment hook '/home/pi/turtlebot3_ws/build/turtlebot3_example/share/turtlebot3_example/hook/pythonpath_develop.sh'
[141.049s] Level 1:colcon.colcon_core.environment:checking '/home/pi/turtlebot3_ws/install/turtlebot3_example' for CMake module files
[141.051s] Level 1:colcon.colcon_core.environment:checking '/home/pi/turtlebot3_ws/install/turtlebot3_example' for CMake config files
[141.054s] Level 1:colcon.colcon_core.environment:checking '/home/pi/turtlebot3_ws/install/turtlebot3_example/lib'
[141.054s] Level 1:colcon.colcon_core.environment:checking '/home/pi/turtlebot3_ws/install/turtlebot3_example/bin'
[141.054s] Level 1:colcon.colcon_core.environment:checking '/home/pi/turtlebot3_ws/install/turtlebot3_example/lib/pkgconfig/turtlebot3_example.pc'
[141.055s] Level 1:colcon.colcon_core.environment:checking '/home/pi/turtlebot3_ws/install/turtlebot3_example/lib/python3.10/site-packages'
[141.056s] Level 1:colcon.colcon_core.shell:create_environment_hook('turtlebot3_example', 'pythonpath')
[141.118s] INFO:colcon.colcon_core.shell:Creating environment hook '/home/pi/turtlebot3_ws/install/turtlebot3_example/share/turtlebot3_example/hook/pythonpath.ps1'
[141.120s] INFO:colcon.colcon_core.shell:Creating environment descriptor '/home/pi/turtlebot3_ws/install/turtlebot3_example/share/turtlebot3_example/hook/pythonpath.dsv'
[141.122s] INFO:colcon.colcon_core.shell:Creating environment hook '/home/pi/turtlebot3_ws/install/turtlebot3_example/share/turtlebot3_example/hook/pythonpath.sh'
[141.125s] Level 1:colcon.colcon_core.environment:checking '/home/pi/turtlebot3_ws/install/turtlebot3_example/bin'
[141.125s] Level 1:colcon.colcon_core.environment:create_environment_scripts_only(turtlebot3_example)
[141.188s] INFO:colcon.colcon_core.shell:Creating package script '/home/pi/turtlebot3_ws/install/turtlebot3_example/share/turtlebot3_example/package.ps1'
[141.191s] INFO:colcon.colcon_core.shell:Creating package descriptor '/home/pi/turtlebot3_ws/install/turtlebot3_example/share/turtlebot3_example/package.dsv'
[141.193s] INFO:colcon.colcon_core.shell:Creating package script '/home/pi/turtlebot3_ws/install/turtlebot3_example/share/turtlebot3_example/package.sh'
[141.195s] INFO:colcon.colcon_core.shell:Creating package script '/home/pi/turtlebot3_ws/install/turtlebot3_example/share/turtlebot3_example/package.bash'
[141.197s] INFO:colcon.colcon_core.shell:Creating package script '/home/pi/turtlebot3_ws/install/turtlebot3_example/share/turtlebot3_example/package.zsh'
[141.198s] Level 1:colcon.colcon_core.environment:create_file_with_runtime_dependencies(/home/pi/turtlebot3_ws/install/turtlebot3_example/share/colcon-core/packages/turtlebot3_example)
[141.200s] INFO:colcon.colcon_ros.task.ament_python.build:Building ROS package in '/home/pi/turtlebot3_ws/src/turtlebot3/turtlebot3_teleop' with build type 'ament_python'
[141.200s] Level 1:colcon.colcon_core.shell:create_environment_hook('turtlebot3_teleop', 'ament_prefix_path')
[141.277s] INFO:colcon.colcon_core.shell:Creating environment hook '/home/pi/turtlebot3_ws/install/turtlebot3_teleop/share/turtlebot3_teleop/hook/ament_prefix_path.ps1'
[141.280s] INFO:colcon.colcon_core.shell:Creating environment descriptor '/home/pi/turtlebot3_ws/install/turtlebot3_teleop/share/turtlebot3_teleop/hook/ament_prefix_path.dsv'
[141.281s] INFO:colcon.colcon_core.shell:Creating environment hook '/home/pi/turtlebot3_ws/install/turtlebot3_teleop/share/turtlebot3_teleop/hook/ament_prefix_path.sh'
[141.356s] INFO:colcon.colcon_core.shell:Skip shell extension 'powershell' for command environment: Not usable outside of PowerShell
[141.357s] DEBUG:colcon.colcon_core.shell:Skip shell extension 'dsv' for command environment
[142.977s] INFO:colcon.colcon_core.task.python.build:Building Python package in '/home/pi/turtlebot3_ws/src/turtlebot3/turtlebot3_teleop'
[143.041s] INFO:colcon.colcon_core.shell:Skip shell extension 'powershell' for command environment: Not usable outside of PowerShell
[143.041s] DEBUG:colcon.colcon_core.shell:Skip shell extension 'dsv' for command environment
[145.044s] DEBUG:colcon.colcon_core.event_handler.log_command:Invoking command in '/home/pi/turtlebot3_ws/build/turtlebot3_teleop': PYTHONPATH=/home/pi/turtlebot3_ws/build/turtlebot3_teleop/prefix_override:/home/pi/turtlebot3_ws/install/turtlebot3_teleop/lib/python3.10/site-packages:${PYTHONPATH} /usr/bin/python3 setup.py develop --editable --build-directory /home/pi/turtlebot3_ws/build/turtlebot3_teleop/build --no-deps install_data
[147.251s] Level 1:colcon.colcon_core.shell:create_environment_hook('turtlebot3_teleop', 'pythonpath_develop')
[147.253s] DEBUG:colcon.colcon_core.event_handler.log_command:Invoked command in '/home/pi/turtlebot3_ws/build/turtlebot3_teleop' returned '0': PYTHONPATH=/home/pi/turtlebot3_ws/build/turtlebot3_teleop/prefix_override:/home/pi/turtlebot3_ws/install/turtlebot3_teleop/lib/python3.10/site-packages:${PYTHONPATH} /usr/bin/python3 setup.py develop --editable --build-directory /home/pi/turtlebot3_ws/build/turtlebot3_teleop/build --no-deps install_data
[147.321s] INFO:colcon.colcon_core.shell:Creating environment hook '/home/pi/turtlebot3_ws/build/turtlebot3_teleop/share/turtlebot3_teleop/hook/pythonpath_develop.ps1'
[147.323s] INFO:colcon.colcon_core.shell:Creating environment descriptor '/home/pi/turtlebot3_ws/build/turtlebot3_teleop/share/turtlebot3_teleop/hook/pythonpath_develop.dsv'
[147.325s] INFO:colcon.colcon_core.shell:Creating environment hook '/home/pi/turtlebot3_ws/build/turtlebot3_teleop/share/turtlebot3_teleop/hook/pythonpath_develop.sh'
[147.392s] Level 1:colcon.colcon_core.environment:checking '/home/pi/turtlebot3_ws/install/turtlebot3_teleop' for CMake module files
[147.394s] Level 1:colcon.colcon_core.environment:checking '/home/pi/turtlebot3_ws/install/turtlebot3_teleop' for CMake config files
[147.397s] Level 1:colcon.colcon_core.environment:checking '/home/pi/turtlebot3_ws/install/turtlebot3_teleop/lib'
[147.397s] Level 1:colcon.colcon_core.environment:checking '/home/pi/turtlebot3_ws/install/turtlebot3_teleop/bin'
[147.397s] Level 1:colcon.colcon_core.environment:checking '/home/pi/turtlebot3_ws/install/turtlebot3_teleop/lib/pkgconfig/turtlebot3_teleop.pc'
[147.398s] Level 1:colcon.colcon_core.environment:checking '/home/pi/turtlebot3_ws/install/turtlebot3_teleop/lib/python3.10/site-packages'
[147.399s] Level 1:colcon.colcon_core.shell:create_environment_hook('turtlebot3_teleop', 'pythonpath')
[147.460s] INFO:colcon.colcon_core.shell:Creating environment hook '/home/pi/turtlebot3_ws/install/turtlebot3_teleop/share/turtlebot3_teleop/hook/pythonpath.ps1'
[147.462s] INFO:colcon.colcon_core.shell:Creating environment descriptor '/home/pi/turtlebot3_ws/install/turtlebot3_teleop/share/turtlebot3_teleop/hook/pythonpath.dsv'
[147.463s] INFO:colcon.colcon_core.shell:Creating environment hook '/home/pi/turtlebot3_ws/install/turtlebot3_teleop/share/turtlebot3_teleop/hook/pythonpath.sh'
[147.465s] Level 1:colcon.colcon_core.environment:checking '/home/pi/turtlebot3_ws/install/turtlebot3_teleop/bin'
[147.465s] Level 1:colcon.colcon_core.environment:create_environment_scripts_only(turtlebot3_teleop)
[147.530s] INFO:colcon.colcon_core.shell:Creating package script '/home/pi/turtlebot3_ws/install/turtlebot3_teleop/share/turtlebot3_teleop/package.ps1'
[147.532s] INFO:colcon.colcon_core.shell:Creating package descriptor '/home/pi/turtlebot3_ws/install/turtlebot3_teleop/share/turtlebot3_teleop/package.dsv'
[147.534s] INFO:colcon.colcon_core.shell:Creating package script '/home/pi/turtlebot3_ws/install/turtlebot3_teleop/share/turtlebot3_teleop/package.sh'
[147.536s] INFO:colcon.colcon_core.shell:Creating package script '/home/pi/turtlebot3_ws/install/turtlebot3_teleop/share/turtlebot3_teleop/package.bash'
[147.537s] INFO:colcon.colcon_core.shell:Creating package script '/home/pi/turtlebot3_ws/install/turtlebot3_teleop/share/turtlebot3_teleop/package.zsh'
[147.538s] Level 1:colcon.colcon_core.environment:create_file_with_runtime_dependencies(/home/pi/turtlebot3_ws/install/turtlebot3_teleop/share/colcon-core/packages/turtlebot3_teleop)
[147.540s] INFO:colcon.colcon_ros.task.ament_cmake.build:Building ROS package in '/home/pi/turtlebot3_ws/src/turtlebot3/turtlebot3_bringup' with build type 'ament_cmake'
[147.541s] INFO:colcon.colcon_cmake.task.cmake.build:Building CMake package in '/home/pi/turtlebot3_ws/src/turtlebot3/turtlebot3_bringup'
[147.620s] INFO:colcon.colcon_core.shell:Skip shell extension 'powershell' for command environment: Not usable outside of PowerShell
[147.620s] DEBUG:colcon.colcon_core.shell:Skip shell extension 'dsv' for command environment
[147.992s] DEBUG:colcon.colcon_core.event_handler.log_command:Invoking command in '/home/pi/turtlebot3_ws/build/turtlebot3_bringup': AMENT_PREFIX_PATH=/home/pi/turtlebot3_ws/install/turtlebot3_node:${AMENT_PREFIX_PATH} CMAKE_PREFIX_PATH=/home/pi/turtlebot3_ws/install/turtlebot3_node:/home/pi/turtlebot3_ws/install/turtlebot3_description:/home/pi/install/my_robot_controller:/home/pi/install/MyControlBot:/opt/ros/humble /usr/bin/cmake /home/pi/turtlebot3_ws/src/turtlebot3/turtlebot3_bringup -DAMENT_CMAKE_SYMLINK_INSTALL=1 -DCMAKE_INSTALL_PREFIX=/home/pi/turtlebot3_ws/install/turtlebot3_bringup
[151.983s] DEBUG:colcon.colcon_core.event_handler.log_command:Invoked command in '/home/pi/turtlebot3_ws/build/turtlebot3_bringup' returned '0': AMENT_PREFIX_PATH=/home/pi/turtlebot3_ws/install/turtlebot3_node:${AMENT_PREFIX_PATH} CMAKE_PREFIX_PATH=/home/pi/turtlebot3_ws/install/turtlebot3_node:/home/pi/turtlebot3_ws/install/turtlebot3_description:/home/pi/install/my_robot_controller:/home/pi/install/MyControlBot:/opt/ros/humble /usr/bin/cmake /home/pi/turtlebot3_ws/src/turtlebot3/turtlebot3_bringup -DAMENT_CMAKE_SYMLINK_INSTALL=1 -DCMAKE_INSTALL_PREFIX=/home/pi/turtlebot3_ws/install/turtlebot3_bringup
[151.994s] DEBUG:colcon.colcon_core.event_handler.log_command:Invoking command in '/home/pi/turtlebot3_ws/build/turtlebot3_bringup': AMENT_PREFIX_PATH=/home/pi/turtlebot3_ws/install/turtlebot3_node:${AMENT_PREFIX_PATH} CMAKE_PREFIX_PATH=/home/pi/turtlebot3_ws/install/turtlebot3_node:/home/pi/turtlebot3_ws/install/turtlebot3_description:/home/pi/install/my_robot_controller:/home/pi/install/MyControlBot:/opt/ros/humble /usr/bin/cmake --build /home/pi/turtlebot3_ws/build/turtlebot3_bringup -- -j4 -l4
[152.148s] DEBUG:colcon.colcon_core.event_handler.log_command:Invoked command in '/home/pi/turtlebot3_ws/build/turtlebot3_bringup' returned '0': AMENT_PREFIX_PATH=/home/pi/turtlebot3_ws/install/turtlebot3_node:${AMENT_PREFIX_PATH} CMAKE_PREFIX_PATH=/home/pi/turtlebot3_ws/install/turtlebot3_node:/home/pi/turtlebot3_ws/install/turtlebot3_description:/home/pi/install/my_robot_controller:/home/pi/install/MyControlBot:/opt/ros/humble /usr/bin/cmake --build /home/pi/turtlebot3_ws/build/turtlebot3_bringup -- -j4 -l4
[152.271s] DEBUG:colcon.colcon_core.event_handler.log_command:Invoking command in '/home/pi/turtlebot3_ws/build/turtlebot3_bringup': AMENT_PREFIX_PATH=/home/pi/turtlebot3_ws/install/turtlebot3_node:${AMENT_PREFIX_PATH} CMAKE_PREFIX_PATH=/home/pi/turtlebot3_ws/install/turtlebot3_node:/home/pi/turtlebot3_ws/install/turtlebot3_description:/home/pi/install/my_robot_controller:/home/pi/install/MyControlBot:/opt/ros/humble /usr/bin/cmake --install /home/pi/turtlebot3_ws/build/turtlebot3_bringup
[153.086s] Level 1:colcon.colcon_core.environment:create_environment_scripts_only(turtlebot3_bringup)
[153.087s] DEBUG:colcon.colcon_core.event_handler.log_command:Invoked command in '/home/pi/turtlebot3_ws/build/turtlebot3_bringup' returned '0': AMENT_PREFIX_PATH=/home/pi/turtlebot3_ws/install/turtlebot3_node:${AMENT_PREFIX_PATH} CMAKE_PREFIX_PATH=/home/pi/turtlebot3_ws/install/turtlebot3_node:/home/pi/turtlebot3_ws/install/turtlebot3_description:/home/pi/install/my_robot_controller:/home/pi/install/MyControlBot:/opt/ros/humble /usr/bin/cmake --install /home/pi/turtlebot3_ws/build/turtlebot3_bringup
[153.156s] Level 1:colcon.colcon_core.environment:checking '/home/pi/turtlebot3_ws/install/turtlebot3_bringup' for CMake module files
[153.159s] Level 1:colcon.colcon_core.environment:checking '/home/pi/turtlebot3_ws/install/turtlebot3_bringup' for CMake config files
[153.161s] Level 1:colcon.colcon_core.shell:create_environment_hook('turtlebot3_bringup', 'cmake_prefix_path')
[153.227s] INFO:colcon.colcon_core.shell:Creating environment hook '/home/pi/turtlebot3_ws/install/turtlebot3_bringup/share/turtlebot3_bringup/hook/cmake_prefix_path.ps1'
[153.229s] INFO:colcon.colcon_core.shell:Creating environment descriptor '/home/pi/turtlebot3_ws/install/turtlebot3_bringup/share/turtlebot3_bringup/hook/cmake_prefix_path.dsv'
[153.231s] INFO:colcon.colcon_core.shell:Creating environment hook '/home/pi/turtlebot3_ws/install/turtlebot3_bringup/share/turtlebot3_bringup/hook/cmake_prefix_path.sh'
[153.233s] Level 1:colcon.colcon_core.environment:checking '/home/pi/turtlebot3_ws/install/turtlebot3_bringup/bin'
[153.234s] Level 1:colcon.colcon_core.environment:checking '/home/pi/turtlebot3_ws/install/turtlebot3_bringup/lib/pkgconfig/turtlebot3_bringup.pc'
[153.234s] Level 1:colcon.colcon_core.environment:checking '/home/pi/turtlebot3_ws/install/turtlebot3_bringup/lib/python3.10/site-packages'
[153.235s] Level 1:colcon.colcon_core.environment:checking '/home/pi/turtlebot3_ws/install/turtlebot3_bringup/bin'
[153.296s] INFO:colcon.colcon_core.shell:Creating package script '/home/pi/turtlebot3_ws/install/turtlebot3_bringup/share/turtlebot3_bringup/package.ps1'
[153.298s] INFO:colcon.colcon_core.shell:Creating package descriptor '/home/pi/turtlebot3_ws/install/turtlebot3_bringup/share/turtlebot3_bringup/package.dsv'
[153.300s] INFO:colcon.colcon_core.shell:Creating package script '/home/pi/turtlebot3_ws/install/turtlebot3_bringup/share/turtlebot3_bringup/package.sh'
[153.302s] INFO:colcon.colcon_core.shell:Creating package script '/home/pi/turtlebot3_ws/install/turtlebot3_bringup/share/turtlebot3_bringup/package.bash'
[153.303s] INFO:colcon.colcon_core.shell:Creating package script '/home/pi/turtlebot3_ws/install/turtlebot3_bringup/share/turtlebot3_bringup/package.zsh'
[153.305s] Level 1:colcon.colcon_core.environment:create_file_with_runtime_dependencies(/home/pi/turtlebot3_ws/install/turtlebot3_bringup/share/colcon-core/packages/turtlebot3_bringup)
[153.486s] Level 1:colcon.colcon_core.environment:create_environment_scripts_only(turtlebot3_bringup)
[153.550s] Level 1:colcon.colcon_core.environment:checking '/home/pi/turtlebot3_ws/install/turtlebot3_bringup' for CMake module files
[153.553s] Level 1:colcon.colcon_core.environment:checking '/home/pi/turtlebot3_ws/install/turtlebot3_bringup' for CMake config files
[153.556s] Level 1:colcon.colcon_core.shell:create_environment_hook('turtlebot3_bringup', 'cmake_prefix_path')
[153.618s] INFO:colcon.colcon_core.shell:Creating environment hook '/home/pi/turtlebot3_ws/install/turtlebot3_bringup/share/turtlebot3_bringup/hook/cmake_prefix_path.ps1'
[153.621s] INFO:colcon.colcon_core.shell:Creating environment descriptor '/home/pi/turtlebot3_ws/install/turtlebot3_bringup/share/turtlebot3_bringup/hook/cmake_prefix_path.dsv'
[153.624s] INFO:colcon.colcon_core.shell:Creating environment hook '/home/pi/turtlebot3_ws/install/turtlebot3_bringup/share/turtlebot3_bringup/hook/cmake_prefix_path.sh'
[153.627s] Level 1:colcon.colcon_core.environment:checking '/home/pi/turtlebot3_ws/install/turtlebot3_bringup/bin'
[153.627s] Level 1:colcon.colcon_core.environment:checking '/home/pi/turtlebot3_ws/install/turtlebot3_bringup/lib/pkgconfig/turtlebot3_bringup.pc'
[153.628s] Level 1:colcon.colcon_core.environment:checking '/home/pi/turtlebot3_ws/install/turtlebot3_bringup/lib/python3.10/site-packages'
[153.629s] Level 1:colcon.colcon_core.environment:checking '/home/pi/turtlebot3_ws/install/turtlebot3_bringup/bin'
[153.693s] INFO:colcon.colcon_core.shell:Creating package script '/home/pi/turtlebot3_ws/install/turtlebot3_bringup/share/turtlebot3_bringup/package.ps1'
[153.695s] INFO:colcon.colcon_core.shell:Creating package descriptor '/home/pi/turtlebot3_ws/install/turtlebot3_bringup/share/turtlebot3_bringup/package.dsv'
[153.698s] INFO:colcon.colcon_core.shell:Creating package script '/home/pi/turtlebot3_ws/install/turtlebot3_bringup/share/turtlebot3_bringup/package.sh'
[153.700s] INFO:colcon.colcon_core.shell:Creating package script '/home/pi/turtlebot3_ws/install/turtlebot3_bringup/share/turtlebot3_bringup/package.bash'
[153.702s] INFO:colcon.colcon_core.shell:Creating package script '/home/pi/turtlebot3_ws/install/turtlebot3_bringup/share/turtlebot3_bringup/package.zsh'
[153.705s] Level 1:colcon.colcon_core.environment:create_file_with_runtime_dependencies(/home/pi/turtlebot3_ws/install/turtlebot3_bringup/share/colcon-core/packages/turtlebot3_bringup)
[153.706s] INFO:colcon.colcon_ros.task.ament_cmake.build:Building ROS package in '/home/pi/turtlebot3_ws/src/ld08_driver' with build type 'ament_cmake'
[153.707s] INFO:colcon.colcon_cmake.task.cmake.build:Building CMake package in '/home/pi/turtlebot3_ws/src/ld08_driver'
[153.778s] INFO:colcon.colcon_core.shell:Skip shell extension 'powershell' for command environment: Not usable outside of PowerShell
[153.778s] DEBUG:colcon.colcon_core.shell:Skip shell extension 'dsv' for command environment
[154.146s] DEBUG:colcon.colcon_core.event_handler.log_command:Invoking command in '/home/pi/turtlebot3_ws/build/ld08_driver': CMAKE_PREFIX_PATH=${CMAKE_PREFIX_PATH}:/home/pi/install/my_robot_controller:/home/pi/install/MyControlBot:/opt/ros/humble /usr/bin/cmake /home/pi/turtlebot3_ws/src/ld08_driver -DAMENT_CMAKE_SYMLINK_INSTALL=1 -DCMAKE_INSTALL_PREFIX=/home/pi/turtlebot3_ws/install/ld08_driver
[162.682s] DEBUG:colcon.colcon_core.event_handler.log_command:Invoked command in '/home/pi/turtlebot3_ws/build/ld08_driver' returned '0': CMAKE_PREFIX_PATH=${CMAKE_PREFIX_PATH}:/home/pi/install/my_robot_controller:/home/pi/install/MyControlBot:/opt/ros/humble /usr/bin/cmake /home/pi/turtlebot3_ws/src/ld08_driver -DAMENT_CMAKE_SYMLINK_INSTALL=1 -DCMAKE_INSTALL_PREFIX=/home/pi/turtlebot3_ws/install/ld08_driver
[162.692s] DEBUG:colcon.colcon_core.event_handler.log_command:Invoking command in '/home/pi/turtlebot3_ws/build/ld08_driver': CMAKE_PREFIX_PATH=${CMAKE_PREFIX_PATH}:/home/pi/install/my_robot_controller:/home/pi/install/MyControlBot:/opt/ros/humble /usr/bin/cmake --build /home/pi/turtlebot3_ws/build/ld08_driver -- -j4 -l4
[192.490s] DEBUG:colcon.colcon_core.event_handler.log_command:Invoked command in '/home/pi/turtlebot3_ws/build/ld08_driver' returned '0': CMAKE_PREFIX_PATH=${CMAKE_PREFIX_PATH}:/home/pi/install/my_robot_controller:/home/pi/install/MyControlBot:/opt/ros/humble /usr/bin/cmake --build /home/pi/turtlebot3_ws/build/ld08_driver -- -j4 -l4
[192.684s] DEBUG:colcon.colcon_core.event_handler.log_command:Invoking command in '/home/pi/turtlebot3_ws/build/ld08_driver': CMAKE_PREFIX_PATH=${CMAKE_PREFIX_PATH}:/home/pi/install/my_robot_controller:/home/pi/install/MyControlBot:/opt/ros/humble /usr/bin/cmake --install /home/pi/turtlebot3_ws/build/ld08_driver
[193.608s] Level 1:colcon.colcon_core.environment:create_environment_scripts_only(ld08_driver)
[193.609s] DEBUG:colcon.colcon_core.event_handler.log_command:Invoked command in '/home/pi/turtlebot3_ws/build/ld08_driver' returned '0': CMAKE_PREFIX_PATH=${CMAKE_PREFIX_PATH}:/home/pi/install/my_robot_controller:/home/pi/install/MyControlBot:/opt/ros/humble /usr/bin/cmake --install /home/pi/turtlebot3_ws/build/ld08_driver
[193.672s] Level 1:colcon.colcon_core.environment:checking '/home/pi/turtlebot3_ws/install/ld08_driver' for CMake module files
[193.675s] Level 1:colcon.colcon_core.environment:checking '/home/pi/turtlebot3_ws/install/ld08_driver' for CMake config files
[193.677s] Level 1:colcon.colcon_core.shell:create_environment_hook('ld08_driver', 'cmake_prefix_path')
[193.741s] INFO:colcon.colcon_core.shell:Creating environment hook '/home/pi/turtlebot3_ws/install/ld08_driver/share/ld08_driver/hook/cmake_prefix_path.ps1'
[193.743s] INFO:colcon.colcon_core.shell:Creating environment descriptor '/home/pi/turtlebot3_ws/install/ld08_driver/share/ld08_driver/hook/cmake_prefix_path.dsv'
[193.745s] INFO:colcon.colcon_core.shell:Creating environment hook '/home/pi/turtlebot3_ws/install/ld08_driver/share/ld08_driver/hook/cmake_prefix_path.sh'
[193.747s] Level 1:colcon.colcon_core.environment:checking '/home/pi/turtlebot3_ws/install/ld08_driver/lib'
[193.747s] Level 1:colcon.colcon_core.environment:checking '/home/pi/turtlebot3_ws/install/ld08_driver/bin'
[193.747s] Level 1:colcon.colcon_core.environment:checking '/home/pi/turtlebot3_ws/install/ld08_driver/lib/pkgconfig/ld08_driver.pc'
[193.748s] Level 1:colcon.colcon_core.environment:checking '/home/pi/turtlebot3_ws/install/ld08_driver/lib/python3.10/site-packages'
[193.749s] Level 1:colcon.colcon_core.environment:checking '/home/pi/turtlebot3_ws/install/ld08_driver/bin'
[193.816s] INFO:colcon.colcon_core.shell:Creating package script '/home/pi/turtlebot3_ws/install/ld08_driver/share/ld08_driver/package.ps1'
[193.818s] INFO:colcon.colcon_core.shell:Creating package descriptor '/home/pi/turtlebot3_ws/install/ld08_driver/share/ld08_driver/package.dsv'
[193.819s] INFO:colcon.colcon_core.shell:Creating package script '/home/pi/turtlebot3_ws/install/ld08_driver/share/ld08_driver/package.sh'
[193.821s] INFO:colcon.colcon_core.shell:Creating package script '/home/pi/turtlebot3_ws/install/ld08_driver/share/ld08_driver/package.bash'
[193.822s] INFO:colcon.colcon_core.shell:Creating package script '/home/pi/turtlebot3_ws/install/ld08_driver/share/ld08_driver/package.zsh'
[193.824s] Level 1:colcon.colcon_core.environment:create_file_with_runtime_dependencies(/home/pi/turtlebot3_ws/install/ld08_driver/share/colcon-core/packages/ld08_driver)
[194.082s] Level 1:colcon.colcon_core.environment:create_environment_scripts_only(ld08_driver)
[194.216s] Level 1:colcon.colcon_core.environment:checking '/home/pi/turtlebot3_ws/install/ld08_driver' for CMake module files
[194.220s] Level 1:colcon.colcon_core.environment:checking '/home/pi/turtlebot3_ws/install/ld08_driver' for CMake config files
[194.226s] Level 1:colcon.colcon_core.shell:create_environment_hook('ld08_driver', 'cmake_prefix_path')
[194.303s] INFO:colcon.colcon_core.shell:Creating environment hook '/home/pi/turtlebot3_ws/install/ld08_driver/share/ld08_driver/hook/cmake_prefix_path.ps1'
[194.306s] INFO:colcon.colcon_core.shell:Creating environment descriptor '/home/pi/turtlebot3_ws/install/ld08_driver/share/ld08_driver/hook/cmake_prefix_path.dsv'
[194.309s] INFO:colcon.colcon_core.shell:Creating environment hook '/home/pi/turtlebot3_ws/install/ld08_driver/share/ld08_driver/hook/cmake_prefix_path.sh'
[194.311s] Level 1:colcon.colcon_core.environment:checking '/home/pi/turtlebot3_ws/install/ld08_driver/lib'
[194.312s] Level 1:colcon.colcon_core.environment:checking '/home/pi/turtlebot3_ws/install/ld08_driver/bin'
[194.312s] Level 1:colcon.colcon_core.environment:checking '/home/pi/turtlebot3_ws/install/ld08_driver/lib/pkgconfig/ld08_driver.pc'
[194.313s] Level 1:colcon.colcon_core.environment:checking '/home/pi/turtlebot3_ws/install/ld08_driver/lib/python3.10/site-packages'
[194.314s] Level 1:colcon.colcon_core.environment:checking '/home/pi/turtlebot3_ws/install/ld08_driver/bin'
[194.376s] INFO:colcon.colcon_core.shell:Creating package script '/home/pi/turtlebot3_ws/install/ld08_driver/share/ld08_driver/package.ps1'
[194.379s] INFO:colcon.colcon_core.shell:Creating package descriptor '/home/pi/turtlebot3_ws/install/ld08_driver/share/ld08_driver/package.dsv'
[194.381s] INFO:colcon.colcon_core.shell:Creating package script '/home/pi/turtlebot3_ws/install/ld08_driver/share/ld08_driver/package.sh'
[194.383s] INFO:colcon.colcon_core.shell:Creating package script '/home/pi/turtlebot3_ws/install/ld08_driver/share/ld08_driver/package.bash'
[194.384s] INFO:colcon.colcon_core.shell:Creating package script '/home/pi/turtlebot3_ws/install/ld08_driver/share/ld08_driver/package.zsh'
[194.386s] Level 1:colcon.colcon_core.environment:create_file_with_runtime_dependencies(/home/pi/turtlebot3_ws/install/ld08_driver/share/colcon-core/packages/ld08_driver)
[194.388s] INFO:colcon.colcon_ros.task.ament_cmake.build:Building ROS package in '/home/pi/turtlebot3_ws/src/turtlebot3/turtlebot3' with build type 'ament_cmake'
[194.388s] INFO:colcon.colcon_cmake.task.cmake.build:Building CMake package in '/home/pi/turtlebot3_ws/src/turtlebot3/turtlebot3'
[194.459s] INFO:colcon.colcon_core.shell:Skip shell extension 'powershell' for command environment: Not usable outside of PowerShell
[194.460s] DEBUG:colcon.colcon_core.shell:Skip shell extension 'dsv' for command environment
[194.850s] DEBUG:colcon.colcon_core.event_handler.log_command:Invoking command in '/home/pi/turtlebot3_ws/build/turtlebot3': AMENT_PREFIX_PATH=/home/pi/turtlebot3_ws/install/turtlebot3_bringup:/home/pi/turtlebot3_ws/install/turtlebot3_teleop:/home/pi/turtlebot3_ws/install/turtlebot3_node:/home/pi/turtlebot3_ws/install/turtlebot3_example:${AMENT_PREFIX_PATH} CMAKE_PREFIX_PATH=/home/pi/turtlebot3_ws/install/turtlebot3_bringup:/home/pi/turtlebot3_ws/install/turtlebot3_node:/home/pi/turtlebot3_ws/install/turtlebot3_description:/home/pi/install/my_robot_controller:/home/pi/install/MyControlBot:/opt/ros/humble PYTHONPATH=/home/pi/turtlebot3_ws/build/turtlebot3_teleop:/home/pi/turtlebot3_ws/install/turtlebot3_teleop/lib/python3.10/site-packages:/home/pi/turtlebot3_ws/build/turtlebot3_example:/home/pi/turtlebot3_ws/install/turtlebot3_example/lib/python3.10/site-packages:${PYTHONPATH} /usr/bin/cmake /home/pi/turtlebot3_ws/src/turtlebot3/turtlebot3 -DAMENT_CMAKE_SYMLINK_INSTALL=1 -DCMAKE_INSTALL_PREFIX=/home/pi/turtlebot3_ws/install/turtlebot3
[198.380s] DEBUG:colcon.colcon_core.event_handler.log_command:Invoked command in '/home/pi/turtlebot3_ws/build/turtlebot3' returned '0': AMENT_PREFIX_PATH=/home/pi/turtlebot3_ws/install/turtlebot3_bringup:/home/pi/turtlebot3_ws/install/turtlebot3_teleop:/home/pi/turtlebot3_ws/install/turtlebot3_node:/home/pi/turtlebot3_ws/install/turtlebot3_example:${AMENT_PREFIX_PATH} CMAKE_PREFIX_PATH=/home/pi/turtlebot3_ws/install/turtlebot3_bringup:/home/pi/turtlebot3_ws/install/turtlebot3_node:/home/pi/turtlebot3_ws/install/turtlebot3_description:/home/pi/install/my_robot_controller:/home/pi/install/MyControlBot:/opt/ros/humble PYTHONPATH=/home/pi/turtlebot3_ws/build/turtlebot3_teleop:/home/pi/turtlebot3_ws/install/turtlebot3_teleop/lib/python3.10/site-packages:/home/pi/turtlebot3_ws/build/turtlebot3_example:/home/pi/turtlebot3_ws/install/turtlebot3_example/lib/python3.10/site-packages:${PYTHONPATH} /usr/bin/cmake /home/pi/turtlebot3_ws/src/turtlebot3/turtlebot3 -DAMENT_CMAKE_SYMLINK_INSTALL=1 -DCMAKE_INSTALL_PREFIX=/home/pi/turtlebot3_ws/install/turtlebot3
[198.390s] DEBUG:colcon.colcon_core.event_handler.log_command:Invoking command in '/home/pi/turtlebot3_ws/build/turtlebot3': AMENT_PREFIX_PATH=/home/pi/turtlebot3_ws/install/turtlebot3_bringup:/home/pi/turtlebot3_ws/install/turtlebot3_teleop:/home/pi/turtlebot3_ws/install/turtlebot3_node:/home/pi/turtlebot3_ws/install/turtlebot3_example:${AMENT_PREFIX_PATH} CMAKE_PREFIX_PATH=/home/pi/turtlebot3_ws/install/turtlebot3_bringup:/home/pi/turtlebot3_ws/install/turtlebot3_node:/home/pi/turtlebot3_ws/install/turtlebot3_description:/home/pi/install/my_robot_controller:/home/pi/install/MyControlBot:/opt/ros/humble PYTHONPATH=/home/pi/turtlebot3_ws/build/turtlebot3_teleop:/home/pi/turtlebot3_ws/install/turtlebot3_teleop/lib/python3.10/site-packages:/home/pi/turtlebot3_ws/build/turtlebot3_example:/home/pi/turtlebot3_ws/install/turtlebot3_example/lib/python3.10/site-packages:${PYTHONPATH} /usr/bin/cmake --build /home/pi/turtlebot3_ws/build/turtlebot3 -- -j4 -l4
[198.533s] DEBUG:colcon.colcon_core.event_handler.log_command:Invoked command in '/home/pi/turtlebot3_ws/build/turtlebot3' returned '0': AMENT_PREFIX_PATH=/home/pi/turtlebot3_ws/install/turtlebot3_bringup:/home/pi/turtlebot3_ws/install/turtlebot3_teleop:/home/pi/turtlebot3_ws/install/turtlebot3_node:/home/pi/turtlebot3_ws/install/turtlebot3_example:${AMENT_PREFIX_PATH} CMAKE_PREFIX_PATH=/home/pi/turtlebot3_ws/install/turtlebot3_bringup:/home/pi/turtlebot3_ws/install/turtlebot3_node:/home/pi/turtlebot3_ws/install/turtlebot3_description:/home/pi/install/my_robot_controller:/home/pi/install/MyControlBot:/opt/ros/humble PYTHONPATH=/home/pi/turtlebot3_ws/build/turtlebot3_teleop:/home/pi/turtlebot3_ws/install/turtlebot3_teleop/lib/python3.10/site-packages:/home/pi/turtlebot3_ws/build/turtlebot3_example:/home/pi/turtlebot3_ws/install/turtlebot3_example/lib/python3.10/site-packages:${PYTHONPATH} /usr/bin/cmake --build /home/pi/turtlebot3_ws/build/turtlebot3 -- -j4 -l4
[198.660s] DEBUG:colcon.colcon_core.event_handler.log_command:Invoking command in '/home/pi/turtlebot3_ws/build/turtlebot3': AMENT_PREFIX_PATH=/home/pi/turtlebot3_ws/install/turtlebot3_bringup:/home/pi/turtlebot3_ws/install/turtlebot3_teleop:/home/pi/turtlebot3_ws/install/turtlebot3_node:/home/pi/turtlebot3_ws/install/turtlebot3_example:${AMENT_PREFIX_PATH} CMAKE_PREFIX_PATH=/home/pi/turtlebot3_ws/install/turtlebot3_bringup:/home/pi/turtlebot3_ws/install/turtlebot3_node:/home/pi/turtlebot3_ws/install/turtlebot3_description:/home/pi/install/my_robot_controller:/home/pi/install/MyControlBot:/opt/ros/humble PYTHONPATH=/home/pi/turtlebot3_ws/build/turtlebot3_teleop:/home/pi/turtlebot3_ws/install/turtlebot3_teleop/lib/python3.10/site-packages:/home/pi/turtlebot3_ws/build/turtlebot3_example:/home/pi/turtlebot3_ws/install/turtlebot3_example/lib/python3.10/site-packages:${PYTHONPATH} /usr/bin/cmake --install /home/pi/turtlebot3_ws/build/turtlebot3
[199.214s] Level 1:colcon.colcon_core.environment:create_environment_scripts_only(turtlebot3)
[199.216s] DEBUG:colcon.colcon_core.event_handler.log_command:Invoked command in '/home/pi/turtlebot3_ws/build/turtlebot3' returned '0': AMENT_PREFIX_PATH=/home/pi/turtlebot3_ws/install/turtlebot3_bringup:/home/pi/turtlebot3_ws/install/turtlebot3_teleop:/home/pi/turtlebot3_ws/install/turtlebot3_node:/home/pi/turtlebot3_ws/install/turtlebot3_example:${AMENT_PREFIX_PATH} CMAKE_PREFIX_PATH=/home/pi/turtlebot3_ws/install/turtlebot3_bringup:/home/pi/turtlebot3_ws/install/turtlebot3_node:/home/pi/turtlebot3_ws/install/turtlebot3_description:/home/pi/install/my_robot_controller:/home/pi/install/MyControlBot:/opt/ros/humble PYTHONPATH=/home/pi/turtlebot3_ws/build/turtlebot3_teleop:/home/pi/turtlebot3_ws/install/turtlebot3_teleop/lib/python3.10/site-packages:/home/pi/turtlebot3_ws/build/turtlebot3_example:/home/pi/turtlebot3_ws/install/turtlebot3_example/lib/python3.10/site-packages:${PYTHONPATH} /usr/bin/cmake --install /home/pi/turtlebot3_ws/build/turtlebot3
[199.332s] Level 1:colcon.colcon_core.environment:checking '/home/pi/turtlebot3_ws/install/turtlebot3' for CMake module files
[199.335s] Level 1:colcon.colcon_core.environment:checking '/home/pi/turtlebot3_ws/install/turtlebot3' for CMake config files
[199.337s] Level 1:colcon.colcon_core.shell:create_environment_hook('turtlebot3', 'cmake_prefix_path')
[199.402s] INFO:colcon.colcon_core.shell:Creating environment hook '/home/pi/turtlebot3_ws/install/turtlebot3/share/turtlebot3/hook/cmake_prefix_path.ps1'
[199.404s] INFO:colcon.colcon_core.shell:Creating environment descriptor '/home/pi/turtlebot3_ws/install/turtlebot3/share/turtlebot3/hook/cmake_prefix_path.dsv'
[199.405s] INFO:colcon.colcon_core.shell:Creating environment hook '/home/pi/turtlebot3_ws/install/turtlebot3/share/turtlebot3/hook/cmake_prefix_path.sh'
[199.407s] Level 1:colcon.colcon_core.environment:checking '/home/pi/turtlebot3_ws/install/turtlebot3/bin'
[199.408s] Level 1:colcon.colcon_core.environment:checking '/home/pi/turtlebot3_ws/install/turtlebot3/lib/pkgconfig/turtlebot3.pc'
[199.408s] Level 1:colcon.colcon_core.environment:checking '/home/pi/turtlebot3_ws/install/turtlebot3/lib/python3.10/site-packages'
[199.409s] Level 1:colcon.colcon_core.environment:checking '/home/pi/turtlebot3_ws/install/turtlebot3/bin'
[199.474s] INFO:colcon.colcon_core.shell:Creating package script '/home/pi/turtlebot3_ws/install/turtlebot3/share/turtlebot3/package.ps1'
[199.476s] INFO:colcon.colcon_core.shell:Creating package descriptor '/home/pi/turtlebot3_ws/install/turtlebot3/share/turtlebot3/package.dsv'
[199.478s] INFO:colcon.colcon_core.shell:Creating package script '/home/pi/turtlebot3_ws/install/turtlebot3/share/turtlebot3/package.sh'
[199.480s] INFO:colcon.colcon_core.shell:Creating package script '/home/pi/turtlebot3_ws/install/turtlebot3/share/turtlebot3/package.bash'
[199.481s] INFO:colcon.colcon_core.shell:Creating package script '/home/pi/turtlebot3_ws/install/turtlebot3/share/turtlebot3/package.zsh'
[199.482s] Level 1:colcon.colcon_core.environment:create_file_with_runtime_dependencies(/home/pi/turtlebot3_ws/install/turtlebot3/share/colcon-core/packages/turtlebot3)
[199.661s] Level 1:colcon.colcon_core.environment:create_environment_scripts_only(turtlebot3)
[199.722s] Level 1:colcon.colcon_core.environment:checking '/home/pi/turtlebot3_ws/install/turtlebot3' for CMake module files
[199.725s] Level 1:colcon.colcon_core.environment:checking '/home/pi/turtlebot3_ws/install/turtlebot3' for CMake config files
[199.727s] Level 1:colcon.colcon_core.shell:create_environment_hook('turtlebot3', 'cmake_prefix_path')
[199.791s] INFO:colcon.colcon_core.shell:Creating environment hook '/home/pi/turtlebot3_ws/install/turtlebot3/share/turtlebot3/hook/cmake_prefix_path.ps1'
[199.793s] INFO:colcon.colcon_core.shell:Creating environment descriptor '/home/pi/turtlebot3_ws/install/turtlebot3/share/turtlebot3/hook/cmake_prefix_path.dsv'
[199.795s] INFO:colcon.colcon_core.shell:Creating environment hook '/home/pi/turtlebot3_ws/install/turtlebot3/share/turtlebot3/hook/cmake_prefix_path.sh'
[199.797s] Level 1:colcon.colcon_core.environment:checking '/home/pi/turtlebot3_ws/install/turtlebot3/bin'
[199.798s] Level 1:colcon.colcon_core.environment:checking '/home/pi/turtlebot3_ws/install/turtlebot3/lib/pkgconfig/turtlebot3.pc'
[199.799s] Level 1:colcon.colcon_core.environment:checking '/home/pi/turtlebot3_ws/install/turtlebot3/lib/python3.10/site-packages'
[199.799s] Level 1:colcon.colcon_core.environment:checking '/home/pi/turtlebot3_ws/install/turtlebot3/bin'
[199.868s] INFO:colcon.colcon_core.shell:Creating package script '/home/pi/turtlebot3_ws/install/turtlebot3/share/turtlebot3/package.ps1'
[199.870s] INFO:colcon.colcon_core.shell:Creating package descriptor '/home/pi/turtlebot3_ws/install/turtlebot3/share/turtlebot3/package.dsv'
[199.872s] INFO:colcon.colcon_core.shell:Creating package script '/home/pi/turtlebot3_ws/install/turtlebot3/share/turtlebot3/package.sh'
[199.874s] INFO:colcon.colcon_core.shell:Creating package script '/home/pi/turtlebot3_ws/install/turtlebot3/share/turtlebot3/package.bash'
[200.016s] INFO:colcon.colcon_core.shell:Creating package script '/home/pi/turtlebot3_ws/install/turtlebot3/share/turtlebot3/package.zsh'
[200.022s] Level 1:colcon.colcon_core.environment:create_file_with_runtime_dependencies(/home/pi/turtlebot3_ws/install/turtlebot3/share/colcon-core/packages/turtlebot3)
[200.024s] DEBUG:colcon.colcon_parallel_executor.executor.parallel:closing loop
[200.028s] DEBUG:colcon.colcon_parallel_executor.executor.parallel:loop closed
[200.029s] DEBUG:colcon.colcon_parallel_executor.executor.parallel:run_until_complete finished with '0'
[200.029s] DEBUG:colcon.colcon_core.event_reactor:joining thread
[200.293s] INFO:colcon.colcon_core.plugin_system:Skipping extension 'colcon_notification.desktop_notification.terminal_notifier': Not used on non-Darwin systems
[200.294s] INFO:colcon.colcon_core.plugin_system:Skipping extension 'colcon_notification.desktop_notification.win32': Not used on non-Windows systems
[200.294s] INFO:colcon.colcon_notification.desktop_notification:Sending desktop notification using 'notify2'
[200.629s] DEBUG:colcon.colcon_core.event_reactor:joined thread
[200.772s] INFO:colcon.colcon_core.shell:Creating prefix script '/home/pi/turtlebot3_ws/install/local_setup.ps1'
[200.781s] INFO:colcon.colcon_core.shell:Creating prefix util module '/home/pi/turtlebot3_ws/install/_local_setup_util_ps1.py'
[200.865s] INFO:colcon.colcon_core.shell:Creating prefix chain script '/home/pi/turtlebot3_ws/install/setup.ps1'
[200.944s] INFO:colcon.colcon_core.shell:Creating prefix script '/home/pi/turtlebot3_ws/install/local_setup.sh'
[201.022s] INFO:colcon.colcon_core.shell:Creating prefix util module '/home/pi/turtlebot3_ws/install/_local_setup_util_sh.py'
[201.028s] INFO:colcon.colcon_core.shell:Creating prefix chain script '/home/pi/turtlebot3_ws/install/setup.sh'
[201.115s] INFO:colcon.colcon_core.shell:Creating prefix script '/home/pi/turtlebot3_ws/install/local_setup.bash'
[201.196s] INFO:colcon.colcon_core.shell:Creating prefix chain script '/home/pi/turtlebot3_ws/install/setup.bash'
[201.277s] INFO:colcon.colcon_core.shell:Creating prefix script '/home/pi/turtlebot3_ws/install/local_setup.zsh'
[201.359s] INFO:colcon.colcon_core.shell:Creating prefix chain script '/home/pi/turtlebot3_ws/install/setup.zsh'
