[0.437s] Invoking command in '/home/pi/turtlebot3_ws/build/ld08_driver': CMAKE_PREFIX_PATH=${CMAKE_PREFIX_PATH}:/home/pi/install/my_robot_controller:/home/pi/install/MyControlBot:/opt/ros/humble /usr/bin/cmake /home/pi/turtlebot3_ws/src/ld08_driver -DAMENT_CMAKE_SYMLINK_INSTALL=1 -DCMAKE_INSTALL_PREFIX=/home/pi/turtlebot3_ws/install/ld08_driver
[0.703s] -- The C compiler identification is GNU 11.4.0
[0.964s] -- The CXX compiler identification is GNU 11.4.0
[0.995s] -- Detecting C compiler ABI info
[1.357s] -- Detecting C compiler ABI info - done
[1.384s] -- Check for working C compiler: /usr/bin/cc - skipped
[1.385s] -- Detecting C compile features
[1.386s] -- Detecting C compile features - done
[1.397s] -- Detecting CXX compiler ABI info
[1.752s] -- Detecting CXX compiler ABI info - done
[1.779s] -- Check for working CXX compiler: /usr/bin/c++ - skipped
[1.780s] -- Detecting CXX compile features
[1.781s] -- Detecting CXX compile features - done
[1.809s] -- Found ament_cmake: 1.3.6 (/opt/ros/humble/share/ament_cmake/cmake)
[2.724s] -- Found Python3: /usr/bin/python3.10 (found version "3.10.12") found components: Interpreter 
[3.033s] -- Override CMake install command with custom implementation using symlinks instead of copying resources
[3.339s] -- Found rclcpp: 16.0.7 (/opt/ros/humble/share/rclcpp/cmake)
[3.813s] -- Found rosidl_generator_c: 3.1.5 (/opt/ros/humble/share/rosidl_generator_c/cmake)
[3.870s] -- Found rosidl_adapter: 3.1.5 (/opt/ros/humble/share/rosidl_adapter/cmake)
[3.950s] -- Found rosidl_generator_cpp: 3.1.5 (/opt/ros/humble/share/rosidl_generator_cpp/cmake)
[4.061s] -- Using all available rosidl_typesupport_c: rosidl_typesupport_fastrtps_c;rosidl_typesupport_introspection_c
[4.213s] -- Using all available rosidl_typesupport_cpp: rosidl_typesupport_fastrtps_cpp;rosidl_typesupport_introspection_cpp
[4.708s] -- Found rmw_implementation_cmake: 6.1.1 (/opt/ros/humble/share/rmw_implementation_cmake/cmake)
[4.744s] -- Found rmw_fastrtps_cpp: 6.2.5 (/opt/ros/humble/share/rmw_fastrtps_cpp/cmake)
[5.480s] -- Found OpenSSL: /usr/lib/aarch64-linux-gnu/libcrypto.so (found version "3.0.2")  
[5.743s] -- Found FastRTPS: /opt/ros/humble/include  
[6.184s] -- Using RMW implementation 'rmw_fastrtps_cpp' as default
[6.279s] -- Looking for pthread.h
[6.638s] -- Looking for pthread.h - found
[6.640s] -- Performing Test CMAKE_HAVE_LIBC_PTHREAD
[6.997s] -- Performing Test CMAKE_HAVE_LIBC_PTHREAD - Success
[7.002s] -- Found Threads: TRUE  
[7.779s] -- Found sensor_msgs: 4.2.3 (/opt/ros/humble/share/sensor_msgs/cmake)
[8.460s] -- Found Boost: /usr/lib/aarch64-linux-gnu/cmake/Boost-1.74.0/BoostConfig.cmake (found version "1.74.0") found components: system 
[8.505s] -- Found ament_lint_auto: 0.12.9 (/opt/ros/humble/share/ament_lint_auto/cmake)
[8.860s] -- Configuring done
[8.921s] -- Generating done
[8.929s] -- Build files have been written to: /home/pi/turtlebot3_ws/build/ld08_driver
[8.972s] Invoked command in '/home/pi/turtlebot3_ws/build/ld08_driver' returned '0': CMAKE_PREFIX_PATH=${CMAKE_PREFIX_PATH}:/home/pi/install/my_robot_controller:/home/pi/install/MyControlBot:/opt/ros/humble /usr/bin/cmake /home/pi/turtlebot3_ws/src/ld08_driver -DAMENT_CMAKE_SYMLINK_INSTALL=1 -DCMAKE_INSTALL_PREFIX=/home/pi/turtlebot3_ws/install/ld08_driver
[8.981s] Invoking command in '/home/pi/turtlebot3_ws/build/ld08_driver': CMAKE_PREFIX_PATH=${CMAKE_PREFIX_PATH}:/home/pi/install/my_robot_controller:/home/pi/install/MyControlBot:/opt/ros/humble /usr/bin/cmake --build /home/pi/turtlebot3_ws/build/ld08_driver -- -j4 -l4
[9.208s] [ 33%] [32mBuilding CXX object CMakeFiles/ld08_driver.dir/src/cmd_interface_linux.cpp.o[0m
[9.208s] [ 33%] [32mBuilding CXX object CMakeFiles/ld08_driver.dir/src/lipkg.cpp.o[0m
[9.210s] [ 50%] [32mBuilding CXX object CMakeFiles/ld08_driver.dir/src/main.cpp.o[0m
[9.223s] [ 66%] [32mBuilding CXX object CMakeFiles/ld08_driver.dir/src/slbf.cpp.o[0m
[14.268s] [ 83%] [32mBuilding CXX object CMakeFiles/ld08_driver.dir/src/transform.cpp.o[0m
[31.378s] [01m[K/home/pi/turtlebot3_ws/src/ld08_driver/src/transform.cpp:[m[K In constructor ‘[01m[KSlTransform::SlTransform(LDVersion, bool)[m[K’:
[31.379s] [01m[K/home/pi/turtlebot3_ws/src/ld08_driver/src/transform.cpp:30:50:[m[K [01;35m[Kwarning: [m[Kunused parameter ‘[01m[Kto_right_hand[m[K’ [[01;35m[K]8;;https://gcc.gnu.org/onlinedocs/gcc/Warning-Options.html#index-Wunused-parameter-Wunused-parameter]8;;[m[K]
[31.381s]    30 | SlTransform::SlTransform(LDVersion version, [01;35m[Kbool to_right_hand[m[K)
[31.381s]       |                                             [01;35m[K~~~~~^~~~~~~~~~~~~[m[K
[37.383s] [100%] [32m[1mLinking CXX executable ld08_driver[0m
[38.536s] [100%] Built target ld08_driver
[38.780s] Invoked command in '/home/pi/turtlebot3_ws/build/ld08_driver' returned '0': CMAKE_PREFIX_PATH=${CMAKE_PREFIX_PATH}:/home/pi/install/my_robot_controller:/home/pi/install/MyControlBot:/opt/ros/humble /usr/bin/cmake --build /home/pi/turtlebot3_ws/build/ld08_driver -- -j4 -l4
[38.973s] Invoking command in '/home/pi/turtlebot3_ws/build/ld08_driver': CMAKE_PREFIX_PATH=${CMAKE_PREFIX_PATH}:/home/pi/install/my_robot_controller:/home/pi/install/MyControlBot:/opt/ros/humble /usr/bin/cmake --install /home/pi/turtlebot3_ws/build/ld08_driver
[39.155s] -- Install configuration: ""
[39.159s] -- Execute custom install script
[39.238s] -- Symlinking: /home/pi/turtlebot3_ws/install/ld08_driver/share/ld08_driver/launch/ld08.launch.py
[39.277s] -- Symlinking: /home/pi/turtlebot3_ws/install/ld08_driver/lib/ld08_driver/ld08_driver
[39.316s] -- Symlinking: /home/pi/turtlebot3_ws/install/ld08_driver/share/ament_index/resource_index/package_run_dependencies/ld08_driver
[39.349s] -- Symlinking: /home/pi/turtlebot3_ws/install/ld08_driver/share/ament_index/resource_index/parent_prefix_path/ld08_driver
[39.383s] -- Symlinking: /home/pi/turtlebot3_ws/install/ld08_driver/share/ld08_driver/environment/ament_prefix_path.sh
[39.420s] -- Symlinking: /home/pi/turtlebot3_ws/install/ld08_driver/share/ld08_driver/environment/ament_prefix_path.dsv
[39.454s] -- Symlinking: /home/pi/turtlebot3_ws/install/ld08_driver/share/ld08_driver/environment/path.sh
[39.489s] -- Symlinking: /home/pi/turtlebot3_ws/install/ld08_driver/share/ld08_driver/environment/path.dsv
[39.523s] -- Symlinking: /home/pi/turtlebot3_ws/install/ld08_driver/share/ld08_driver/local_setup.bash
[39.556s] -- Symlinking: /home/pi/turtlebot3_ws/install/ld08_driver/share/ld08_driver/local_setup.sh
[39.589s] -- Symlinking: /home/pi/turtlebot3_ws/install/ld08_driver/share/ld08_driver/local_setup.zsh
[39.622s] -- Symlinking: /home/pi/turtlebot3_ws/install/ld08_driver/share/ld08_driver/local_setup.dsv
[39.656s] -- Symlinking: /home/pi/turtlebot3_ws/install/ld08_driver/share/ld08_driver/package.dsv
[39.690s] -- Symlinking: /home/pi/turtlebot3_ws/install/ld08_driver/share/ament_index/resource_index/packages/ld08_driver
[39.724s] -- Symlinking: /home/pi/turtlebot3_ws/install/ld08_driver/share/ld08_driver/cmake/ament_cmake_export_dependencies-extras.cmake
[39.757s] -- Symlinking: /home/pi/turtlebot3_ws/install/ld08_driver/share/ld08_driver/cmake/ament_cmake_export_include_directories-extras.cmake
[39.791s] -- Symlinking: /home/pi/turtlebot3_ws/install/ld08_driver/share/ld08_driver/cmake/ld08_driverConfig.cmake
[39.825s] -- Symlinking: /home/pi/turtlebot3_ws/install/ld08_driver/share/ld08_driver/cmake/ld08_driverConfig-version.cmake
[39.859s] -- Symlinking: /home/pi/turtlebot3_ws/install/ld08_driver/share/ld08_driver/package.xml
[39.899s] Invoked command in '/home/pi/turtlebot3_ws/build/ld08_driver' returned '0': CMAKE_PREFIX_PATH=${CMAKE_PREFIX_PATH}:/home/pi/install/my_robot_controller:/home/pi/install/MyControlBot:/opt/ros/humble /usr/bin/cmake --install /home/pi/turtlebot3_ws/build/ld08_driver
