[0.483s] Invoking command in '/home/pi/turtlebot3_ws/build/turtlebot3_node': CMAKE_PREFIX_PATH=/home/pi/install/my_robot_controller:/home/pi/install/MyControlBot:/opt/ros/humble /usr/bin/cmake /home/pi/turtlebot3_ws/src/turtlebot3/turtlebot3_node -DAMENT_CMAKE_SYMLINK_INSTALL=1 -DCMAKE_INSTALL_PREFIX=/home/pi/turtlebot3_ws/install/turtlebot3_node
[0.744s] -- The C compiler identification is GNU 11.4.0
[1.006s] -- The CXX compiler identification is GNU 11.4.0
[1.039s] -- Detecting C compiler ABI info
[1.360s] -- Detecting C compiler ABI info - done
[1.388s] -- Check for working C compiler: /usr/bin/cc - skipped
[1.389s] -- Detecting C compile features
[1.390s] -- Detecting C compile features - done
[1.402s] -- Detecting CXX compiler ABI info
[1.761s] -- Detecting CXX compiler ABI info - done
[1.787s] -- Check for working CXX compiler: /usr/bin/c++ - skipped
[1.788s] -- Detecting CXX compile features
[1.790s] -- Detecting CXX compile features - done
[1.817s] -- Found ament_cmake: 1.3.6 (/opt/ros/humble/share/ament_cmake/cmake)
[2.732s] -- Found Python3: /usr/bin/python3.10 (found version "3.10.12") found components: Interpreter 
[3.038s] -- Override CMake install command with custom implementation using symlinks instead of copying resources
[3.335s] -- Found dynamixel_sdk: 3.7.60 (/opt/ros/humble/share/dynamixel_sdk/cmake)
[3.370s] -- Found geometry_msgs: 4.2.3 (/opt/ros/humble/share/geometry_msgs/cmake)
[3.784s] -- Found rosidl_generator_c: 3.1.5 (/opt/ros/humble/share/rosidl_generator_c/cmake)
[3.846s] -- Found rosidl_adapter: 3.1.5 (/opt/ros/humble/share/rosidl_adapter/cmake)
[3.928s] -- Found rosidl_generator_cpp: 3.1.5 (/opt/ros/humble/share/rosidl_generator_cpp/cmake)
[4.044s] -- Using all available rosidl_typesupport_c: rosidl_typesupport_fastrtps_c;rosidl_typesupport_introspection_c
[4.191s] -- Using all available rosidl_typesupport_cpp: rosidl_typesupport_fastrtps_cpp;rosidl_typesupport_introspection_cpp
[4.777s] -- Found message_filters: 4.3.3 (/opt/ros/humble/share/message_filters/cmake)
[5.276s] -- Found rmw_implementation_cmake: 6.1.1 (/opt/ros/humble/share/rmw_implementation_cmake/cmake)
[5.309s] -- Found rmw_fastrtps_cpp: 6.2.5 (/opt/ros/humble/share/rmw_fastrtps_cpp/cmake)
[6.042s] -- Found OpenSSL: /usr/lib/aarch64-linux-gnu/libcrypto.so (found version "3.0.2")  
[6.310s] -- Found FastRTPS: /opt/ros/humble/include  
[6.747s] -- Using RMW implementation 'rmw_fastrtps_cpp' as default
[6.847s] -- Looking for pthread.h
[7.254s] -- Looking for pthread.h - found
[7.256s] -- Performing Test CMAKE_HAVE_LIBC_PTHREAD
[7.612s] -- Performing Test CMAKE_HAVE_LIBC_PTHREAD - Success
[7.618s] -- Found Threads: TRUE  
[8.286s] -- Found nav_msgs: 4.2.3 (/opt/ros/humble/share/nav_msgs/cmake)
[8.652s] -- Found sensor_msgs: 4.2.3 (/opt/ros/humble/share/sensor_msgs/cmake)
[9.018s] -- Found std_srvs: 4.2.3 (/opt/ros/humble/share/std_srvs/cmake)
[9.141s] -- Found tf2: 0.25.5 (/opt/ros/humble/share/tf2/cmake)
[9.289s] -- Found tf2_ros: 0.25.5 (/opt/ros/humble/share/tf2_ros/cmake)
[10.822s] -- Found turtlebot3_msgs: 2.2.3 (/opt/ros/humble/share/turtlebot3_msgs/cmake)
[11.509s] -- Configuring done
[11.624s] -- Generating done
[11.632s] -- Build files have been written to: /home/pi/turtlebot3_ws/build/turtlebot3_node
[11.678s] Invoked command in '/home/pi/turtlebot3_ws/build/turtlebot3_node' returned '0': CMAKE_PREFIX_PATH=/home/pi/install/my_robot_controller:/home/pi/install/MyControlBot:/opt/ros/humble /usr/bin/cmake /home/pi/turtlebot3_ws/src/turtlebot3/turtlebot3_node -DAMENT_CMAKE_SYMLINK_INSTALL=1 -DCMAKE_INSTALL_PREFIX=/home/pi/turtlebot3_ws/install/turtlebot3_node
[11.689s] Invoking command in '/home/pi/turtlebot3_ws/build/turtlebot3_node': CMAKE_PREFIX_PATH=/home/pi/install/my_robot_controller:/home/pi/install/MyControlBot:/opt/ros/humble /usr/bin/cmake --build /home/pi/turtlebot3_ws/build/turtlebot3_node -- -j4 -l4
[11.919s] [  7%] [32mBuilding CXX object CMakeFiles/turtlebot3_node_lib.dir/src/devices/motor_power.cpp.o[0m
[11.924s] [ 14%] [32mBuilding CXX object CMakeFiles/turtlebot3_node_lib.dir/src/devices/reset.cpp.o[0m
[11.932s] [ 21%] [32mBuilding CXX object CMakeFiles/turtlebot3_node_lib.dir/src/devices/sound.cpp.o[0m
[11.941s] [ 28%] [32mBuilding CXX object CMakeFiles/turtlebot3_node_lib.dir/src/diff_drive_controller.cpp.o[0m
[37.638s] [ 35%] [32mBuilding CXX object CMakeFiles/turtlebot3_node_lib.dir/src/dynamixel_sdk_wrapper.cpp.o[0m
[40.336s] [ 42%] [32mBuilding CXX object CMakeFiles/turtlebot3_node_lib.dir/src/odometry.cpp.o[0m
[40.348s] [ 50%] [32mBuilding CXX object CMakeFiles/turtlebot3_node_lib.dir/src/turtlebot3.cpp.o[0m
[40.668s] [ 57%] [32mBuilding CXX object CMakeFiles/turtlebot3_node_lib.dir/src/sensors/battery_state.cpp.o[0m
[42.229s] [ 64%] [32mBuilding CXX object CMakeFiles/turtlebot3_node_lib.dir/src/sensors/imu.cpp.o[0m
[73.205s] [ 71%] [32mBuilding CXX object CMakeFiles/turtlebot3_node_lib.dir/src/sensors/joint_state.cpp.o[0m
[76.747s] [ 78%] [32mBuilding CXX object CMakeFiles/turtlebot3_node_lib.dir/src/sensors/sensor_state.cpp.o[0m
