[0.457s] Invoking command in '/home/pi/turtlebot3_ws/build/turtlebot3': AMENT_PREFIX_PATH=/home/pi/turtlebot3_ws/install/turtlebot3_bringup:/home/pi/turtlebot3_ws/install/turtlebot3_teleop:/home/pi/turtlebot3_ws/install/turtlebot3_node:/home/pi/turtlebot3_ws/install/turtlebot3_example:${AMENT_PREFIX_PATH} CMAKE_PREFIX_PATH=/home/pi/turtlebot3_ws/install/turtlebot3_bringup:/home/pi/turtlebot3_ws/install/turtlebot3_node:/home/pi/turtlebot3_ws/install/turtlebot3_description:/home/pi/install/my_robot_controller:/home/pi/install/MyControlBot:/opt/ros/humble PYTHONPATH=/home/pi/turtlebot3_ws/build/turtlebot3_teleop:/home/pi/turtlebot3_ws/install/turtlebot3_teleop/lib/python3.10/site-packages:/home/pi/turtlebot3_ws/build/turtlebot3_example:/home/pi/turtlebot3_ws/install/turtlebot3_example/lib/python3.10/site-packages:${PYTHONPATH} /usr/bin/cmake /home/pi/turtlebot3_ws/src/turtlebot3/turtlebot3 -DAMENT_CMAKE_SYMLINK_INSTALL=1 -DCMAKE_INSTALL_PREFIX=/home/pi/turtlebot3_ws/install/turtlebot3
[0.769s] -- The C compiler identification is GNU 11.4.0
[1.028s] -- The CXX compiler identification is GNU 11.4.0
[1.059s] -- Detecting C compiler ABI info
[1.448s] -- Detecting C compiler ABI info - done
[1.476s] -- Check for working C compiler: /usr/bin/cc - skipped
[1.477s] -- Detecting C compile features
[1.478s] -- Detecting C compile features - done
[1.490s] -- Detecting CXX compiler ABI info
[1.862s] -- Detecting CXX compiler ABI info - done
[1.890s] -- Check for working CXX compiler: /usr/bin/c++ - skipped
[1.890s] -- Detecting CXX compile features
[1.892s] -- Detecting CXX compile features - done
[1.922s] -- Found ament_cmake: 1.3.6 (/opt/ros/humble/share/ament_cmake/cmake)
[2.896s] -- Found Python3: /usr/bin/python3.10 (found version "3.10.12") found components: Interpreter 
[3.220s] -- Override CMake install command with custom implementation using symlinks instead of copying resources
[3.951s] -- Configuring done
[3.969s] -- Generating done
[3.974s] -- Build files have been written to: /home/pi/turtlebot3_ws/build/turtlebot3
[3.988s] Invoked command in '/home/pi/turtlebot3_ws/build/turtlebot3' returned '0': AMENT_PREFIX_PATH=/home/pi/turtlebot3_ws/install/turtlebot3_bringup:/home/pi/turtlebot3_ws/install/turtlebot3_teleop:/home/pi/turtlebot3_ws/install/turtlebot3_node:/home/pi/turtlebot3_ws/install/turtlebot3_example:${AMENT_PREFIX_PATH} CMAKE_PREFIX_PATH=/home/pi/turtlebot3_ws/install/turtlebot3_bringup:/home/pi/turtlebot3_ws/install/turtlebot3_node:/home/pi/turtlebot3_ws/install/turtlebot3_description:/home/pi/install/my_robot_controller:/home/pi/install/MyControlBot:/opt/ros/humble PYTHONPATH=/home/pi/turtlebot3_ws/build/turtlebot3_teleop:/home/pi/turtlebot3_ws/install/turtlebot3_teleop/lib/python3.10/site-packages:/home/pi/turtlebot3_ws/build/turtlebot3_example:/home/pi/turtlebot3_ws/install/turtlebot3_example/lib/python3.10/site-packages:${PYTHONPATH} /usr/bin/cmake /home/pi/turtlebot3_ws/src/turtlebot3/turtlebot3 -DAMENT_CMAKE_SYMLINK_INSTALL=1 -DCMAKE_INSTALL_PREFIX=/home/pi/turtlebot3_ws/install/turtlebot3
[3.997s] Invoking command in '/home/pi/turtlebot3_ws/build/turtlebot3': AMENT_PREFIX_PATH=/home/pi/turtlebot3_ws/install/turtlebot3_bringup:/home/pi/turtlebot3_ws/install/turtlebot3_teleop:/home/pi/turtlebot3_ws/install/turtlebot3_node:/home/pi/turtlebot3_ws/install/turtlebot3_example:${AMENT_PREFIX_PATH} CMAKE_PREFIX_PATH=/home/pi/turtlebot3_ws/install/turtlebot3_bringup:/home/pi/turtlebot3_ws/install/turtlebot3_node:/home/pi/turtlebot3_ws/install/turtlebot3_description:/home/pi/install/my_robot_controller:/home/pi/install/MyControlBot:/opt/ros/humble PYTHONPATH=/home/pi/turtlebot3_ws/build/turtlebot3_teleop:/home/pi/turtlebot3_ws/install/turtlebot3_teleop/lib/python3.10/site-packages:/home/pi/turtlebot3_ws/build/turtlebot3_example:/home/pi/turtlebot3_ws/install/turtlebot3_example/lib/python3.10/site-packages:${PYTHONPATH} /usr/bin/cmake --build /home/pi/turtlebot3_ws/build/turtlebot3 -- -j4 -l4
[4.141s] Invoked command in '/home/pi/turtlebot3_ws/build/turtlebot3' returned '0': AMENT_PREFIX_PATH=/home/pi/turtlebot3_ws/install/turtlebot3_bringup:/home/pi/turtlebot3_ws/install/turtlebot3_teleop:/home/pi/turtlebot3_ws/install/turtlebot3_node:/home/pi/turtlebot3_ws/install/turtlebot3_example:${AMENT_PREFIX_PATH} CMAKE_PREFIX_PATH=/home/pi/turtlebot3_ws/install/turtlebot3_bringup:/home/pi/turtlebot3_ws/install/turtlebot3_node:/home/pi/turtlebot3_ws/install/turtlebot3_description:/home/pi/install/my_robot_controller:/home/pi/install/MyControlBot:/opt/ros/humble PYTHONPATH=/home/pi/turtlebot3_ws/build/turtlebot3_teleop:/home/pi/turtlebot3_ws/install/turtlebot3_teleop/lib/python3.10/site-packages:/home/pi/turtlebot3_ws/build/turtlebot3_example:/home/pi/turtlebot3_ws/install/turtlebot3_example/lib/python3.10/site-packages:${PYTHONPATH} /usr/bin/cmake --build /home/pi/turtlebot3_ws/build/turtlebot3 -- -j4 -l4
[4.267s] Invoking command in '/home/pi/turtlebot3_ws/build/turtlebot3': AMENT_PREFIX_PATH=/home/pi/turtlebot3_ws/install/turtlebot3_bringup:/home/pi/turtlebot3_ws/install/turtlebot3_teleop:/home/pi/turtlebot3_ws/install/turtlebot3_node:/home/pi/turtlebot3_ws/install/turtlebot3_example:${AMENT_PREFIX_PATH} CMAKE_PREFIX_PATH=/home/pi/turtlebot3_ws/install/turtlebot3_bringup:/home/pi/turtlebot3_ws/install/turtlebot3_node:/home/pi/turtlebot3_ws/install/turtlebot3_description:/home/pi/install/my_robot_controller:/home/pi/install/MyControlBot:/opt/ros/humble PYTHONPATH=/home/pi/turtlebot3_ws/build/turtlebot3_teleop:/home/pi/turtlebot3_ws/install/turtlebot3_teleop/lib/python3.10/site-packages:/home/pi/turtlebot3_ws/build/turtlebot3_example:/home/pi/turtlebot3_ws/install/turtlebot3_example/lib/python3.10/site-packages:${PYTHONPATH} /usr/bin/cmake --install /home/pi/turtlebot3_ws/build/turtlebot3
[4.296s] -- Install configuration: ""
[4.297s] -- Execute custom install script
[4.299s] -- Symlinking: /home/pi/turtlebot3_ws/install/turtlebot3/share/ament_index/resource_index/package_run_dependencies/turtlebot3
[4.333s] -- Symlinking: /home/pi/turtlebot3_ws/install/turtlebot3/share/ament_index/resource_index/parent_prefix_path/turtlebot3
[4.370s] -- Symlinking: /home/pi/turtlebot3_ws/install/turtlebot3/share/turtlebot3/environment/ament_prefix_path.sh
[4.403s] -- Symlinking: /home/pi/turtlebot3_ws/install/turtlebot3/share/turtlebot3/environment/ament_prefix_path.dsv
[4.437s] -- Symlinking: /home/pi/turtlebot3_ws/install/turtlebot3/share/turtlebot3/environment/path.sh
[4.472s] -- Symlinking: /home/pi/turtlebot3_ws/install/turtlebot3/share/turtlebot3/environment/path.dsv
[4.505s] -- Symlinking: /home/pi/turtlebot3_ws/install/turtlebot3/share/turtlebot3/local_setup.bash
[4.537s] -- Symlinking: /home/pi/turtlebot3_ws/install/turtlebot3/share/turtlebot3/local_setup.sh
[4.573s] -- Symlinking: /home/pi/turtlebot3_ws/install/turtlebot3/share/turtlebot3/local_setup.zsh
[4.605s] -- Symlinking: /home/pi/turtlebot3_ws/install/turtlebot3/share/turtlebot3/local_setup.dsv
[4.639s] -- Symlinking: /home/pi/turtlebot3_ws/install/turtlebot3/share/turtlebot3/package.dsv
[4.675s] -- Symlinking: /home/pi/turtlebot3_ws/install/turtlebot3/share/ament_index/resource_index/packages/turtlebot3
[4.709s] -- Symlinking: /home/pi/turtlebot3_ws/install/turtlebot3/share/turtlebot3/cmake/turtlebot3Config.cmake
[4.742s] -- Symlinking: /home/pi/turtlebot3_ws/install/turtlebot3/share/turtlebot3/cmake/turtlebot3Config-version.cmake
[4.781s] -- Symlinking: /home/pi/turtlebot3_ws/install/turtlebot3/share/turtlebot3/package.xml
[4.824s] Invoked command in '/home/pi/turtlebot3_ws/build/turtlebot3' returned '0': AMENT_PREFIX_PATH=/home/pi/turtlebot3_ws/install/turtlebot3_bringup:/home/pi/turtlebot3_ws/install/turtlebot3_teleop:/home/pi/turtlebot3_ws/install/turtlebot3_node:/home/pi/turtlebot3_ws/install/turtlebot3_example:${AMENT_PREFIX_PATH} CMAKE_PREFIX_PATH=/home/pi/turtlebot3_ws/install/turtlebot3_bringup:/home/pi/turtlebot3_ws/install/turtlebot3_node:/home/pi/turtlebot3_ws/install/turtlebot3_description:/home/pi/install/my_robot_controller:/home/pi/install/MyControlBot:/opt/ros/humble PYTHONPATH=/home/pi/turtlebot3_ws/build/turtlebot3_teleop:/home/pi/turtlebot3_ws/install/turtlebot3_teleop/lib/python3.10/site-packages:/home/pi/turtlebot3_ws/build/turtlebot3_example:/home/pi/turtlebot3_ws/install/turtlebot3_example/lib/python3.10/site-packages:${PYTHONPATH} /usr/bin/cmake --install /home/pi/turtlebot3_ws/build/turtlebot3
