[4.513s] DEBUG:colcon:Command line arguments: ['/usr/bin/colcon', 'build', '--packages-select', 'light_sensor']
[4.513s] DEBUG:colcon:Parsed command line arguments: Namespace(log_base=None, log_level=None, verb_name='build', build_base='build', install_base='install', merge_install=False, symlink_install=False, test_result_base=None, continue_on_error=False, executor='parallel', parallel_workers=4, event_handlers=None, ignore_user_meta=False, metas=['./colcon.meta'], base_paths=['.'], packages_ignore=None, packages_ignore_regex=None, paths=None, packages_up_to=None, packages_up_to_regex=None, packages_above=None, packages_above_and_dependencies=None, packages_above_depth=None, packages_select_by_dep=None, packages_skip_by_dep=None, packages_skip_up_to=None, packages_select_build_failed=False, packages_skip_build_finished=False, packages_select_test_failures=False, packages_skip_test_passed=False, packages_select=['light_sensor'], packages_skip=None, packages_select_regex=None, packages_skip_regex=None, packages_start=None, packages_end=None, allow_overriding=[], cmake_args=None, cmake_target=None, cmake_target_skip_unavailable=False, cmake_clean_cache=False, cmake_clean_first=False, cmake_force_configure=False, ament_cmake_args=None, catkin_cmake_args=None, catkin_skip_building_tests=False, verb_parser=<colcon_defaults.argument_parser.defaults.DefaultArgumentsDecorator object at 0xffffacc691e0>, verb_extension=<colcon_core.verb.build.BuildVerb object at 0xffffacf5c850>, main=<bound method BuildVerb.main of <colcon_core.verb.build.BuildVerb object at 0xffffacf5c850>>)
[4.719s] Level 1:colcon.colcon_core.package_discovery:discover_packages(colcon_meta) check parameters
[4.719s] Level 1:colcon.colcon_core.package_discovery:discover_packages(recursive) check parameters
[4.719s] Level 1:colcon.colcon_core.package_discovery:discover_packages(ignore) check parameters
[4.719s] Level 1:colcon.colcon_core.package_discovery:discover_packages(path) check parameters
[4.719s] Level 1:colcon.colcon_core.package_discovery:discover_packages(colcon_meta) discover
[4.720s] Level 1:colcon.colcon_core.package_discovery:discover_packages(recursive) discover
[4.720s] INFO:colcon.colcon_core.package_discovery:Crawling recursively for packages in '/home/pi/turtlebot3_ws'
[4.720s] Level 1:colcon.colcon_core.package_identification:_identify(.) by extensions ['ignore', 'ignore_ament_install']
[4.721s] Level 1:colcon.colcon_core.package_identification:_identify(.) by extension 'ignore'
[4.721s] Level 1:colcon.colcon_core.package_identification:_identify(.) by extension 'ignore_ament_install'
[4.721s] Level 1:colcon.colcon_core.package_identification:_identify(.) by extensions ['colcon_pkg']
[4.721s] Level 1:colcon.colcon_core.package_identification:_identify(.) by extension 'colcon_pkg'
[4.721s] Level 1:colcon.colcon_core.package_identification:_identify(.) by extensions ['colcon_meta']
[4.721s] Level 1:colcon.colcon_core.package_identification:_identify(.) by extension 'colcon_meta'
[4.722s] Level 1:colcon.colcon_core.package_identification:_identify(.) by extensions ['ros']
[4.722s] Level 1:colcon.colcon_core.package_identification:_identify(.) by extension 'ros'
[4.769s] Level 1:colcon.colcon_core.package_identification:_identify(.) by extensions ['cmake', 'python']
[4.769s] Level 1:colcon.colcon_core.package_identification:_identify(.) by extension 'cmake'
[4.769s] Level 1:colcon.colcon_core.package_identification:_identify(.) by extension 'python'
[4.769s] Level 1:colcon.colcon_core.package_identification:_identify(.) by extensions ['python_setup_py']
[4.769s] Level 1:colcon.colcon_core.package_identification:_identify(.) by extension 'python_setup_py'
[4.770s] Level 1:colcon.colcon_core.package_identification:_identify(build) by extensions ['ignore', 'ignore_ament_install']
[4.770s] Level 1:colcon.colcon_core.package_identification:_identify(build) by extension 'ignore'
[4.771s] Level 1:colcon.colcon_core.package_identification:_identify(build) ignored
[4.771s] Level 1:colcon.colcon_core.package_identification:_identify(install) by extensions ['ignore', 'ignore_ament_install']
[4.772s] Level 1:colcon.colcon_core.package_identification:_identify(install) by extension 'ignore'
[4.772s] Level 1:colcon.colcon_core.package_identification:_identify(install) ignored
[4.772s] Level 1:colcon.colcon_core.package_identification:_identify(log) by extensions ['ignore', 'ignore_ament_install']
[4.773s] Level 1:colcon.colcon_core.package_identification:_identify(log) by extension 'ignore'
[4.773s] Level 1:colcon.colcon_core.package_identification:_identify(log) ignored
[4.773s] Level 1:colcon.colcon_core.package_identification:_identify(src) by extensions ['ignore', 'ignore_ament_install']
[4.773s] Level 1:colcon.colcon_core.package_identification:_identify(src) by extension 'ignore'
[4.774s] Level 1:colcon.colcon_core.package_identification:_identify(src) by extension 'ignore_ament_install'
[4.774s] Level 1:colcon.colcon_core.package_identification:_identify(src) by extensions ['colcon_pkg']
[4.774s] Level 1:colcon.colcon_core.package_identification:_identify(src) by extension 'colcon_pkg'
[4.774s] Level 1:colcon.colcon_core.package_identification:_identify(src) by extensions ['colcon_meta']
[4.774s] Level 1:colcon.colcon_core.package_identification:_identify(src) by extension 'colcon_meta'
[4.774s] Level 1:colcon.colcon_core.package_identification:_identify(src) by extensions ['ros']
[4.775s] Level 1:colcon.colcon_core.package_identification:_identify(src) by extension 'ros'
[4.775s] Level 1:colcon.colcon_core.package_identification:_identify(src) by extensions ['cmake', 'python']
[4.775s] Level 1:colcon.colcon_core.package_identification:_identify(src) by extension 'cmake'
[4.775s] Level 1:colcon.colcon_core.package_identification:_identify(src) by extension 'python'
[4.775s] Level 1:colcon.colcon_core.package_identification:_identify(src) by extensions ['python_setup_py']
[4.775s] Level 1:colcon.colcon_core.package_identification:_identify(src) by extension 'python_setup_py'
[4.776s] Level 1:colcon.colcon_core.package_identification:_identify(src/build) by extensions ['ignore', 'ignore_ament_install']
[4.776s] Level 1:colcon.colcon_core.package_identification:_identify(src/build) by extension 'ignore'
[4.776s] Level 1:colcon.colcon_core.package_identification:_identify(src/build) ignored
[4.777s] Level 1:colcon.colcon_core.package_identification:_identify(src/install) by extensions ['ignore', 'ignore_ament_install']
[4.777s] Level 1:colcon.colcon_core.package_identification:_identify(src/install) by extension 'ignore'
[4.777s] Level 1:colcon.colcon_core.package_identification:_identify(src/install) ignored
[4.778s] Level 1:colcon.colcon_core.package_identification:_identify(src/ld08_driver) by extensions ['ignore', 'ignore_ament_install']
[4.778s] Level 1:colcon.colcon_core.package_identification:_identify(src/ld08_driver) by extension 'ignore'
[4.778s] Level 1:colcon.colcon_core.package_identification:_identify(src/ld08_driver) by extension 'ignore_ament_install'
[4.778s] Level 1:colcon.colcon_core.package_identification:_identify(src/ld08_driver) by extensions ['colcon_pkg']
[4.779s] Level 1:colcon.colcon_core.package_identification:_identify(src/ld08_driver) by extension 'colcon_pkg'
[4.779s] Level 1:colcon.colcon_core.package_identification:_identify(src/ld08_driver) by extensions ['colcon_meta']
[4.779s] Level 1:colcon.colcon_core.package_identification:_identify(src/ld08_driver) by extension 'colcon_meta'
[4.779s] Level 1:colcon.colcon_core.package_identification:_identify(src/ld08_driver) by extensions ['ros']
[4.779s] Level 1:colcon.colcon_core.package_identification:_identify(src/ld08_driver) by extension 'ros'
[4.788s] DEBUG:colcon.colcon_core.package_identification:Package 'src/ld08_driver' with type 'ros.ament_cmake' and name 'ld08_driver'
[4.789s] Level 1:colcon.colcon_core.package_identification:_identify(src/light_sensor) by extensions ['ignore', 'ignore_ament_install']
[4.789s] Level 1:colcon.colcon_core.package_identification:_identify(src/light_sensor) by extension 'ignore'
[4.789s] Level 1:colcon.colcon_core.package_identification:_identify(src/light_sensor) by extension 'ignore_ament_install'
[4.790s] Level 1:colcon.colcon_core.package_identification:_identify(src/light_sensor) by extensions ['colcon_pkg']
[4.790s] Level 1:colcon.colcon_core.package_identification:_identify(src/light_sensor) by extension 'colcon_pkg'
[4.790s] Level 1:colcon.colcon_core.package_identification:_identify(src/light_sensor) by extensions ['colcon_meta']
[4.790s] Level 1:colcon.colcon_core.package_identification:_identify(src/light_sensor) by extension 'colcon_meta'
[4.790s] Level 1:colcon.colcon_core.package_identification:_identify(src/light_sensor) by extensions ['ros']
[4.790s] Level 1:colcon.colcon_core.package_identification:_identify(src/light_sensor) by extension 'ros'
[4.793s] DEBUG:colcon.colcon_core.package_identification:Package 'src/light_sensor' with type 'ros.ament_python' and name 'light_sensor'
[4.794s] Level 1:colcon.colcon_core.package_identification:_identify(src/log) by extensions ['ignore', 'ignore_ament_install']
[4.794s] Level 1:colcon.colcon_core.package_identification:_identify(src/log) by extension 'ignore'
[4.794s] Level 1:colcon.colcon_core.package_identification:_identify(src/log) ignored
[4.795s] Level 1:colcon.colcon_core.package_identification:_identify(src/mycontrolbot) by extensions ['ignore', 'ignore_ament_install']
[4.795s] Level 1:colcon.colcon_core.package_identification:_identify(src/mycontrolbot) by extension 'ignore'
[4.795s] Level 1:colcon.colcon_core.package_identification:_identify(src/mycontrolbot) by extension 'ignore_ament_install'
[4.795s] Level 1:colcon.colcon_core.package_identification:_identify(src/mycontrolbot) by extensions ['colcon_pkg']
[4.796s] Level 1:colcon.colcon_core.package_identification:_identify(src/mycontrolbot) by extension 'colcon_pkg'
[4.796s] Level 1:colcon.colcon_core.package_identification:_identify(src/mycontrolbot) by extensions ['colcon_meta']
[4.796s] Level 1:colcon.colcon_core.package_identification:_identify(src/mycontrolbot) by extension 'colcon_meta'
[4.796s] Level 1:colcon.colcon_core.package_identification:_identify(src/mycontrolbot) by extensions ['ros']
[4.796s] Level 1:colcon.colcon_core.package_identification:_identify(src/mycontrolbot) by extension 'ros'
[4.800s] DEBUG:colcon.colcon_core.package_identification:Package 'src/mycontrolbot' with type 'ros.ament_python' and name 'mycontrolbot'
[4.801s] Level 1:colcon.colcon_core.package_identification:_identify(src/turtlebot3) by extensions ['ignore', 'ignore_ament_install']
[4.801s] Level 1:colcon.colcon_core.package_identification:_identify(src/turtlebot3) by extension 'ignore'
[4.801s] Level 1:colcon.colcon_core.package_identification:_identify(src/turtlebot3) by extension 'ignore_ament_install'
[4.801s] Level 1:colcon.colcon_core.package_identification:_identify(src/turtlebot3) by extensions ['colcon_pkg']
[4.802s] Level 1:colcon.colcon_core.package_identification:_identify(src/turtlebot3) by extension 'colcon_pkg'
[4.802s] Level 1:colcon.colcon_core.package_identification:_identify(src/turtlebot3) by extensions ['colcon_meta']
[4.802s] Level 1:colcon.colcon_core.package_identification:_identify(src/turtlebot3) by extension 'colcon_meta'
[4.802s] Level 1:colcon.colcon_core.package_identification:_identify(src/turtlebot3) by extensions ['ros']
[4.802s] Level 1:colcon.colcon_core.package_identification:_identify(src/turtlebot3) by extension 'ros'
[4.802s] Level 1:colcon.colcon_core.package_identification:_identify(src/turtlebot3) by extensions ['cmake', 'python']
[4.803s] Level 1:colcon.colcon_core.package_identification:_identify(src/turtlebot3) by extension 'cmake'
[4.803s] Level 1:colcon.colcon_core.package_identification:_identify(src/turtlebot3) by extension 'python'
[4.803s] Level 1:colcon.colcon_core.package_identification:_identify(src/turtlebot3) by extensions ['python_setup_py']
[4.803s] Level 1:colcon.colcon_core.package_identification:_identify(src/turtlebot3) by extension 'python_setup_py'
[4.804s] Level 1:colcon.colcon_core.package_identification:_identify(src/turtlebot3/turtlebot3) by extensions ['ignore', 'ignore_ament_install']
[4.804s] Level 1:colcon.colcon_core.package_identification:_identify(src/turtlebot3/turtlebot3) by extension 'ignore'
[4.804s] Level 1:colcon.colcon_core.package_identification:_identify(src/turtlebot3/turtlebot3) by extension 'ignore_ament_install'
[4.804s] Level 1:colcon.colcon_core.package_identification:_identify(src/turtlebot3/turtlebot3) by extensions ['colcon_pkg']
[4.805s] Level 1:colcon.colcon_core.package_identification:_identify(src/turtlebot3/turtlebot3) by extension 'colcon_pkg'
[4.805s] Level 1:colcon.colcon_core.package_identification:_identify(src/turtlebot3/turtlebot3) by extensions ['colcon_meta']
[4.805s] Level 1:colcon.colcon_core.package_identification:_identify(src/turtlebot3/turtlebot3) by extension 'colcon_meta'
[4.805s] Level 1:colcon.colcon_core.package_identification:_identify(src/turtlebot3/turtlebot3) by extensions ['ros']
[4.805s] Level 1:colcon.colcon_core.package_identification:_identify(src/turtlebot3/turtlebot3) by extension 'ros'
[4.808s] DEBUG:colcon.colcon_core.package_identification:Package 'src/turtlebot3/turtlebot3' with type 'ros.ament_cmake' and name 'turtlebot3'
[4.808s] Level 1:colcon.colcon_core.package_identification:_identify(src/turtlebot3/turtlebot3_bringup) by extensions ['ignore', 'ignore_ament_install']
[4.809s] Level 1:colcon.colcon_core.package_identification:_identify(src/turtlebot3/turtlebot3_bringup) by extension 'ignore'
[4.809s] Level 1:colcon.colcon_core.package_identification:_identify(src/turtlebot3/turtlebot3_bringup) by extension 'ignore_ament_install'
[4.809s] Level 1:colcon.colcon_core.package_identification:_identify(src/turtlebot3/turtlebot3_bringup) by extensions ['colcon_pkg']
[4.809s] Level 1:colcon.colcon_core.package_identification:_identify(src/turtlebot3/turtlebot3_bringup) by extension 'colcon_pkg'
[4.810s] Level 1:colcon.colcon_core.package_identification:_identify(src/turtlebot3/turtlebot3_bringup) by extensions ['colcon_meta']
[4.810s] Level 1:colcon.colcon_core.package_identification:_identify(src/turtlebot3/turtlebot3_bringup) by extension 'colcon_meta'
[4.810s] Level 1:colcon.colcon_core.package_identification:_identify(src/turtlebot3/turtlebot3_bringup) by extensions ['ros']
[4.810s] Level 1:colcon.colcon_core.package_identification:_identify(src/turtlebot3/turtlebot3_bringup) by extension 'ros'
[4.812s] DEBUG:colcon.colcon_core.package_identification:Package 'src/turtlebot3/turtlebot3_bringup' with type 'ros.ament_cmake' and name 'turtlebot3_bringup'
[4.813s] Level 1:colcon.colcon_core.package_identification:_identify(src/turtlebot3/turtlebot3_description) by extensions ['ignore', 'ignore_ament_install']
[4.813s] Level 1:colcon.colcon_core.package_identification:_identify(src/turtlebot3/turtlebot3_description) by extension 'ignore'
[4.814s] Level 1:colcon.colcon_core.package_identification:_identify(src/turtlebot3/turtlebot3_description) by extension 'ignore_ament_install'
[4.814s] Level 1:colcon.colcon_core.package_identification:_identify(src/turtlebot3/turtlebot3_description) by extensions ['colcon_pkg']
[4.814s] Level 1:colcon.colcon_core.package_identification:_identify(src/turtlebot3/turtlebot3_description) by extension 'colcon_pkg'
[4.814s] Level 1:colcon.colcon_core.package_identification:_identify(src/turtlebot3/turtlebot3_description) by extensions ['colcon_meta']
[4.814s] Level 1:colcon.colcon_core.package_identification:_identify(src/turtlebot3/turtlebot3_description) by extension 'colcon_meta'
[4.814s] Level 1:colcon.colcon_core.package_identification:_identify(src/turtlebot3/turtlebot3_description) by extensions ['ros']
[4.815s] Level 1:colcon.colcon_core.package_identification:_identify(src/turtlebot3/turtlebot3_description) by extension 'ros'
[4.817s] DEBUG:colcon.colcon_core.package_identification:Package 'src/turtlebot3/turtlebot3_description' with type 'ros.ament_cmake' and name 'turtlebot3_description'
[4.817s] Level 1:colcon.colcon_core.package_identification:_identify(src/turtlebot3/turtlebot3_example) by extensions ['ignore', 'ignore_ament_install']
[4.818s] Level 1:colcon.colcon_core.package_identification:_identify(src/turtlebot3/turtlebot3_example) by extension 'ignore'
[4.818s] Level 1:colcon.colcon_core.package_identification:_identify(src/turtlebot3/turtlebot3_example) by extension 'ignore_ament_install'
[4.819s] Level 1:colcon.colcon_core.package_identification:_identify(src/turtlebot3/turtlebot3_example) by extensions ['colcon_pkg']
[4.819s] Level 1:colcon.colcon_core.package_identification:_identify(src/turtlebot3/turtlebot3_example) by extension 'colcon_pkg'
[4.819s] Level 1:colcon.colcon_core.package_identification:_identify(src/turtlebot3/turtlebot3_example) by extensions ['colcon_meta']
[4.819s] Level 1:colcon.colcon_core.package_identification:_identify(src/turtlebot3/turtlebot3_example) by extension 'colcon_meta'
[4.820s] Level 1:colcon.colcon_core.package_identification:_identify(src/turtlebot3/turtlebot3_example) by extensions ['ros']
[4.820s] Level 1:colcon.colcon_core.package_identification:_identify(src/turtlebot3/turtlebot3_example) by extension 'ros'
[4.823s] DEBUG:colcon.colcon_core.package_identification:Package 'src/turtlebot3/turtlebot3_example' with type 'ros.ament_python' and name 'turtlebot3_example'
[4.824s] Level 1:colcon.colcon_core.package_identification:_identify(src/turtlebot3/turtlebot3_node) by extensions ['ignore', 'ignore_ament_install']
[4.824s] Level 1:colcon.colcon_core.package_identification:_identify(src/turtlebot3/turtlebot3_node) by extension 'ignore'
[4.824s] Level 1:colcon.colcon_core.package_identification:_identify(src/turtlebot3/turtlebot3_node) by extension 'ignore_ament_install'
[4.824s] Level 1:colcon.colcon_core.package_identification:_identify(src/turtlebot3/turtlebot3_node) by extensions ['colcon_pkg']
[4.825s] Level 1:colcon.colcon_core.package_identification:_identify(src/turtlebot3/turtlebot3_node) by extension 'colcon_pkg'
[4.825s] Level 1:colcon.colcon_core.package_identification:_identify(src/turtlebot3/turtlebot3_node) by extensions ['colcon_meta']
[4.825s] Level 1:colcon.colcon_core.package_identification:_identify(src/turtlebot3/turtlebot3_node) by extension 'colcon_meta'
[4.825s] Level 1:colcon.colcon_core.package_identification:_identify(src/turtlebot3/turtlebot3_node) by extensions ['ros']
[4.825s] Level 1:colcon.colcon_core.package_identification:_identify(src/turtlebot3/turtlebot3_node) by extension 'ros'
[4.831s] DEBUG:colcon.colcon_core.package_identification:Package 'src/turtlebot3/turtlebot3_node' with type 'ros.ament_cmake' and name 'turtlebot3_node'
[4.831s] Level 1:colcon.colcon_core.package_identification:_identify(src/turtlebot3/turtlebot3_teleop) by extensions ['ignore', 'ignore_ament_install']
[4.832s] Level 1:colcon.colcon_core.package_identification:_identify(src/turtlebot3/turtlebot3_teleop) by extension 'ignore'
[4.832s] Level 1:colcon.colcon_core.package_identification:_identify(src/turtlebot3/turtlebot3_teleop) by extension 'ignore_ament_install'
[4.832s] Level 1:colcon.colcon_core.package_identification:_identify(src/turtlebot3/turtlebot3_teleop) by extensions ['colcon_pkg']
[4.832s] Level 1:colcon.colcon_core.package_identification:_identify(src/turtlebot3/turtlebot3_teleop) by extension 'colcon_pkg'
[4.833s] Level 1:colcon.colcon_core.package_identification:_identify(src/turtlebot3/turtlebot3_teleop) by extensions ['colcon_meta']
[4.833s] Level 1:colcon.colcon_core.package_identification:_identify(src/turtlebot3/turtlebot3_teleop) by extension 'colcon_meta'
[4.833s] Level 1:colcon.colcon_core.package_identification:_identify(src/turtlebot3/turtlebot3_teleop) by extensions ['ros']
[4.833s] Level 1:colcon.colcon_core.package_identification:_identify(src/turtlebot3/turtlebot3_teleop) by extension 'ros'
[4.835s] DEBUG:colcon.colcon_core.package_identification:Package 'src/turtlebot3/turtlebot3_teleop' with type 'ros.ament_python' and name 'turtlebot3_teleop'
[4.835s] Level 1:colcon.colcon_core.package_discovery:discover_packages(recursive) using defaults
[4.836s] Level 1:colcon.colcon_core.package_discovery:discover_packages(ignore) discover
[4.836s] Level 1:colcon.colcon_core.package_discovery:discover_packages(ignore) using defaults
[4.836s] Level 1:colcon.colcon_core.package_discovery:discover_packages(path) discover
[4.836s] Level 1:colcon.colcon_core.package_discovery:discover_packages(path) using defaults
[5.140s] INFO:colcon.colcon_core.package_selection:Skipping not selected package 'ld08_driver' in 'src/ld08_driver'
[5.140s] INFO:colcon.colcon_core.package_selection:Skipping not selected package 'mycontrolbot' in 'src/mycontrolbot'
[5.140s] INFO:colcon.colcon_core.package_selection:Skipping not selected package 'turtlebot3_description' in 'src/turtlebot3/turtlebot3_description'
[5.140s] INFO:colcon.colcon_core.package_selection:Skipping not selected package 'turtlebot3_example' in 'src/turtlebot3/turtlebot3_example'
[5.140s] INFO:colcon.colcon_core.package_selection:Skipping not selected package 'turtlebot3_node' in 'src/turtlebot3/turtlebot3_node'
[5.140s] INFO:colcon.colcon_core.package_selection:Skipping not selected package 'turtlebot3_teleop' in 'src/turtlebot3/turtlebot3_teleop'
[5.140s] INFO:colcon.colcon_core.package_selection:Skipping not selected package 'turtlebot3_bringup' in 'src/turtlebot3/turtlebot3_bringup'
[5.141s] INFO:colcon.colcon_core.package_selection:Skipping not selected package 'turtlebot3' in 'src/turtlebot3/turtlebot3'
[5.266s] Level 1:colcon.colcon_core.package_discovery:discover_packages(prefix_path) check parameters
[5.266s] Level 1:colcon.colcon_core.package_discovery:discover_packages(prefix_path) discover
[5.407s] DEBUG:colcon.colcon_installed_package_information.package_discovery:Found 7 installed packages in /home/pi/turtlebot3_ws/install
[5.471s] DEBUG:colcon.colcon_installed_package_information.package_discovery:Found 0 installed packages in /home/pi/ros2_ws/install
[5.535s] DEBUG:colcon.colcon_installed_package_information.package_discovery:Found 12 installed packages in /home/pi/install
[5.606s] DEBUG:colcon.colcon_installed_package_information.package_discovery:Found 273 installed packages in /opt/ros/humble
[5.613s] Level 1:colcon.colcon_core.package_discovery:discover_packages(prefix_path) using defaults
[6.038s] Level 5:colcon.colcon_core.verb:set package 'light_sensor' build argument 'cmake_args' from command line to 'None'
[6.038s] Level 5:colcon.colcon_core.verb:set package 'light_sensor' build argument 'cmake_target' from command line to 'None'
[6.038s] Level 5:colcon.colcon_core.verb:set package 'light_sensor' build argument 'cmake_target_skip_unavailable' from command line to 'False'
[6.038s] Level 5:colcon.colcon_core.verb:set package 'light_sensor' build argument 'cmake_clean_cache' from command line to 'False'
[6.038s] Level 5:colcon.colcon_core.verb:set package 'light_sensor' build argument 'cmake_clean_first' from command line to 'False'
[6.039s] Level 5:colcon.colcon_core.verb:set package 'light_sensor' build argument 'cmake_force_configure' from command line to 'False'
[6.039s] Level 5:colcon.colcon_core.verb:set package 'light_sensor' build argument 'ament_cmake_args' from command line to 'None'
[6.039s] Level 5:colcon.colcon_core.verb:set package 'light_sensor' build argument 'catkin_cmake_args' from command line to 'None'
[6.039s] Level 5:colcon.colcon_core.verb:set package 'light_sensor' build argument 'catkin_skip_building_tests' from command line to 'False'
[6.039s] DEBUG:colcon.colcon_core.verb:Building package 'light_sensor' with the following arguments: {'ament_cmake_args': None, 'build_base': '/home/pi/turtlebot3_ws/build/light_sensor', 'catkin_cmake_args': None, 'catkin_skip_building_tests': False, 'cmake_args': None, 'cmake_clean_cache': False, 'cmake_clean_first': False, 'cmake_force_configure': False, 'cmake_target': None, 'cmake_target_skip_unavailable': False, 'install_base': '/home/pi/turtlebot3_ws/install/light_sensor', 'merge_install': False, 'path': '/home/pi/turtlebot3_ws/src/light_sensor', 'symlink_install': False, 'test_result_base': None}
[6.100s] INFO:colcon.colcon_core.executor:Executing jobs using 'parallel' executor
[6.165s] DEBUG:colcon.colcon_parallel_executor.executor.parallel:run_until_complete
[6.166s] INFO:colcon.colcon_ros.task.ament_python.build:Building ROS package in '/home/pi/turtlebot3_ws/src/light_sensor' with build type 'ament_python'
[6.166s] Level 1:colcon.colcon_core.shell:create_environment_hook('light_sensor', 'ament_prefix_path')
[6.277s] INFO:colcon.colcon_core.plugin_system:Skipping extension 'colcon_core.shell.bat': Not used on non-Windows systems
[6.279s] INFO:colcon.colcon_core.shell:Creating environment hook '/home/pi/turtlebot3_ws/install/light_sensor/share/light_sensor/hook/ament_prefix_path.ps1'
[6.282s] INFO:colcon.colcon_core.shell:Creating environment descriptor '/home/pi/turtlebot3_ws/install/light_sensor/share/light_sensor/hook/ament_prefix_path.dsv'
[6.285s] INFO:colcon.colcon_core.shell:Creating environment hook '/home/pi/turtlebot3_ws/install/light_sensor/share/light_sensor/hook/ament_prefix_path.sh'
[6.402s] INFO:colcon.colcon_core.shell:Skip shell extension 'powershell' for command environment: Not usable outside of PowerShell
[6.402s] DEBUG:colcon.colcon_core.shell:Skip shell extension 'dsv' for command environment
[8.023s] INFO:colcon.colcon_core.task.python.build:Building Python package in '/home/pi/turtlebot3_ws/src/light_sensor'
[8.085s] INFO:colcon.colcon_core.shell:Skip shell extension 'powershell' for command environment: Not usable outside of PowerShell
[8.086s] DEBUG:colcon.colcon_core.shell:Skip shell extension 'dsv' for command environment
[9.999s] DEBUG:colcon.colcon_core.event_handler.log_command:Invoking command in '/home/pi/turtlebot3_ws/src/light_sensor': PYTHONPATH=/home/pi/turtlebot3_ws/build/light_sensor/prefix_override:/home/pi/turtlebot3_ws/install/light_sensor/lib/python3.10/site-packages:${PYTHONPATH} /usr/bin/python3 setup.py egg_info --egg-base ../../build/light_sensor build --build-base /home/pi/turtlebot3_ws/build/light_sensor/build install --record /home/pi/turtlebot3_ws/build/light_sensor/install.log --single-version-externally-managed
[11.437s] DEBUG:colcon.colcon_core.event_handler.log_command:Invoked command in '/home/pi/turtlebot3_ws/src/light_sensor' returned '0': PYTHONPATH=/home/pi/turtlebot3_ws/build/light_sensor/prefix_override:/home/pi/turtlebot3_ws/install/light_sensor/lib/python3.10/site-packages:${PYTHONPATH} /usr/bin/python3 setup.py egg_info --egg-base ../../build/light_sensor build --build-base /home/pi/turtlebot3_ws/build/light_sensor/build install --record /home/pi/turtlebot3_ws/build/light_sensor/install.log --single-version-externally-managed
[11.531s] Level 1:colcon.colcon_core.environment:checking '/home/pi/turtlebot3_ws/install/light_sensor' for CMake module files
[11.533s] Level 1:colcon.colcon_core.environment:checking '/home/pi/turtlebot3_ws/install/light_sensor' for CMake config files
[11.536s] Level 1:colcon.colcon_core.environment:checking '/home/pi/turtlebot3_ws/install/light_sensor/lib'
[11.537s] Level 1:colcon.colcon_core.environment:checking '/home/pi/turtlebot3_ws/install/light_sensor/bin'
[11.537s] Level 1:colcon.colcon_core.environment:checking '/home/pi/turtlebot3_ws/install/light_sensor/lib/pkgconfig/light_sensor.pc'
[11.538s] Level 1:colcon.colcon_core.environment:checking '/home/pi/turtlebot3_ws/install/light_sensor/lib/python3.10/site-packages'
[11.539s] Level 1:colcon.colcon_core.shell:create_environment_hook('light_sensor', 'pythonpath')
[11.601s] INFO:colcon.colcon_core.shell:Creating environment hook '/home/pi/turtlebot3_ws/install/light_sensor/share/light_sensor/hook/pythonpath.ps1'
[11.602s] INFO:colcon.colcon_core.shell:Creating environment descriptor '/home/pi/turtlebot3_ws/install/light_sensor/share/light_sensor/hook/pythonpath.dsv'
[11.604s] INFO:colcon.colcon_core.shell:Creating environment hook '/home/pi/turtlebot3_ws/install/light_sensor/share/light_sensor/hook/pythonpath.sh'
[11.606s] Level 1:colcon.colcon_core.environment:checking '/home/pi/turtlebot3_ws/install/light_sensor/bin'
[11.606s] Level 1:colcon.colcon_core.environment:create_environment_scripts_only(light_sensor)
[11.671s] INFO:colcon.colcon_core.shell:Creating package script '/home/pi/turtlebot3_ws/install/light_sensor/share/light_sensor/package.ps1'
[11.674s] INFO:colcon.colcon_core.shell:Creating package descriptor '/home/pi/turtlebot3_ws/install/light_sensor/share/light_sensor/package.dsv'
[11.677s] INFO:colcon.colcon_core.shell:Creating package script '/home/pi/turtlebot3_ws/install/light_sensor/share/light_sensor/package.sh'
[11.680s] INFO:colcon.colcon_core.shell:Creating package script '/home/pi/turtlebot3_ws/install/light_sensor/share/light_sensor/package.bash'
[11.682s] INFO:colcon.colcon_core.shell:Creating package script '/home/pi/turtlebot3_ws/install/light_sensor/share/light_sensor/package.zsh'
[11.685s] Level 1:colcon.colcon_core.environment:create_file_with_runtime_dependencies(/home/pi/turtlebot3_ws/install/light_sensor/share/colcon-core/packages/light_sensor)
[11.686s] DEBUG:colcon.colcon_parallel_executor.executor.parallel:closing loop
[11.687s] DEBUG:colcon.colcon_parallel_executor.executor.parallel:loop closed
[11.688s] DEBUG:colcon.colcon_parallel_executor.executor.parallel:run_until_complete finished with '0'
[11.688s] DEBUG:colcon.colcon_core.event_reactor:joining thread
[11.809s] INFO:colcon.colcon_core.plugin_system:Skipping extension 'colcon_notification.desktop_notification.terminal_notifier': Not used on non-Darwin systems
[11.809s] INFO:colcon.colcon_core.plugin_system:Skipping extension 'colcon_notification.desktop_notification.win32': Not used on non-Windows systems
[11.809s] INFO:colcon.colcon_notification.desktop_notification:Sending desktop notification using 'notify2'
[11.863s] DEBUG:colcon.colcon_core.event_reactor:joined thread
[11.927s] INFO:colcon.colcon_core.shell:Creating prefix script '/home/pi/turtlebot3_ws/install/local_setup.ps1'
[11.932s] INFO:colcon.colcon_core.shell:Creating prefix util module '/home/pi/turtlebot3_ws/install/_local_setup_util_ps1.py'
[11.937s] INFO:colcon.colcon_core.shell:Creating prefix chain script '/home/pi/turtlebot3_ws/install/setup.ps1'
[12.005s] INFO:colcon.colcon_core.shell:Creating prefix script '/home/pi/turtlebot3_ws/install/local_setup.sh'
[12.008s] INFO:colcon.colcon_core.shell:Creating prefix util module '/home/pi/turtlebot3_ws/install/_local_setup_util_sh.py'
[12.010s] INFO:colcon.colcon_core.shell:Creating prefix chain script '/home/pi/turtlebot3_ws/install/setup.sh'
[12.079s] INFO:colcon.colcon_core.shell:Creating prefix script '/home/pi/turtlebot3_ws/install/local_setup.bash'
[12.081s] INFO:colcon.colcon_core.shell:Creating prefix chain script '/home/pi/turtlebot3_ws/install/setup.bash'
[12.149s] INFO:colcon.colcon_core.shell:Creating prefix script '/home/pi/turtlebot3_ws/install/local_setup.zsh'
[12.151s] INFO:colcon.colcon_core.shell:Creating prefix chain script '/home/pi/turtlebot3_ws/install/setup.zsh'
