[10.355s] DEBUG:colcon:Command line arguments: ['/usr/bin/colcon', 'build', '--packages-select', 'mycontrolbot']
[10.355s] DEBUG:colcon:Parsed command line arguments: Namespace(log_base=None, log_level=None, verb_name='build', build_base='build', install_base='install', merge_install=False, symlink_install=False, test_result_base=None, continue_on_error=False, executor='parallel', parallel_workers=4, event_handlers=None, ignore_user_meta=False, metas=['./colcon.meta'], base_paths=['.'], packages_ignore=None, packages_ignore_regex=None, paths=None, packages_up_to=None, packages_up_to_regex=None, packages_above=None, packages_above_and_dependencies=None, packages_above_depth=None, packages_select_by_dep=None, packages_skip_by_dep=None, packages_skip_up_to=None, packages_select_build_failed=False, packages_skip_build_finished=False, packages_select_test_failures=False, packages_skip_test_passed=False, packages_select=['mycontrolbot'], packages_skip=None, packages_select_regex=None, packages_skip_regex=None, packages_start=None, packages_end=None, allow_overriding=[], cmake_args=None, cmake_target=None, cmake_target_skip_unavailable=False, cmake_clean_cache=False, cmake_clean_first=False, cmake_force_configure=False, ament_cmake_args=None, catkin_cmake_args=None, catkin_skip_building_tests=False, verb_parser=<colcon_defaults.argument_parser.defaults.DefaultArgumentsDecorator object at 0xffffafe891b0>, verb_extension=<colcon_core.verb.build.BuildVerb object at 0xffffb0126a40>, main=<bound method BuildVerb.main of <colcon_core.verb.build.BuildVerb object at 0xffffb0126a40>>)
[11.167s] Level 1:colcon.colcon_core.package_discovery:discover_packages(colcon_meta) check parameters
[11.167s] Level 1:colcon.colcon_core.package_discovery:discover_packages(recursive) check parameters
[11.167s] Level 1:colcon.colcon_core.package_discovery:discover_packages(ignore) check parameters
[11.167s] Level 1:colcon.colcon_core.package_discovery:discover_packages(path) check parameters
[11.168s] Level 1:colcon.colcon_core.package_discovery:discover_packages(colcon_meta) discover
[11.168s] Level 1:colcon.colcon_core.package_discovery:discover_packages(recursive) discover
[11.168s] INFO:colcon.colcon_core.package_discovery:Crawling recursively for packages in '/home/pi/turtlebot3_ws/src/mycontrolbot/mycontrolbot'
[11.168s] Level 1:colcon.colcon_core.package_identification:_identify(.) by extensions ['ignore', 'ignore_ament_install']
[11.169s] Level 1:colcon.colcon_core.package_identification:_identify(.) by extension 'ignore'
[11.169s] Level 1:colcon.colcon_core.package_identification:_identify(.) by extension 'ignore_ament_install'
[11.169s] Level 1:colcon.colcon_core.package_identification:_identify(.) by extensions ['colcon_pkg']
[11.169s] Level 1:colcon.colcon_core.package_identification:_identify(.) by extension 'colcon_pkg'
[11.169s] Level 1:colcon.colcon_core.package_identification:_identify(.) by extensions ['colcon_meta']
[11.170s] Level 1:colcon.colcon_core.package_identification:_identify(.) by extension 'colcon_meta'
[11.170s] Level 1:colcon.colcon_core.package_identification:_identify(.) by extensions ['ros']
[11.170s] Level 1:colcon.colcon_core.package_identification:_identify(.) by extension 'ros'
[11.270s] Level 1:colcon.colcon_core.package_identification:_identify(.) by extensions ['cmake', 'python']
[11.270s] Level 1:colcon.colcon_core.package_identification:_identify(.) by extension 'cmake'
[11.270s] Level 1:colcon.colcon_core.package_identification:_identify(.) by extension 'python'
[11.271s] Level 1:colcon.colcon_core.package_identification:_identify(.) by extensions ['python_setup_py']
[11.271s] Level 1:colcon.colcon_core.package_identification:_identify(.) by extension 'python_setup_py'
[11.271s] Level 1:colcon.colcon_core.package_identification:_identify(build) by extensions ['ignore', 'ignore_ament_install']
[11.272s] Level 1:colcon.colcon_core.package_identification:_identify(build) by extension 'ignore'
[11.272s] Level 1:colcon.colcon_core.package_identification:_identify(build) ignored
[11.272s] Level 1:colcon.colcon_core.package_identification:_identify(install) by extensions ['ignore', 'ignore_ament_install']
[11.273s] Level 1:colcon.colcon_core.package_identification:_identify(install) by extension 'ignore'
[11.273s] Level 1:colcon.colcon_core.package_identification:_identify(install) ignored
[11.273s] Level 1:colcon.colcon_core.package_identification:_identify(log) by extensions ['ignore', 'ignore_ament_install']
[11.273s] Level 1:colcon.colcon_core.package_identification:_identify(log) by extension 'ignore'
[11.274s] Level 1:colcon.colcon_core.package_identification:_identify(log) ignored
[11.274s] Level 1:colcon.colcon_core.package_identification:_identify(logs) by extensions ['ignore', 'ignore_ament_install']
[11.274s] Level 1:colcon.colcon_core.package_identification:_identify(logs) by extension 'ignore'
[11.275s] Level 1:colcon.colcon_core.package_identification:_identify(logs) by extension 'ignore_ament_install'
[11.275s] Level 1:colcon.colcon_core.package_identification:_identify(logs) by extensions ['colcon_pkg']
[11.275s] Level 1:colcon.colcon_core.package_identification:_identify(logs) by extension 'colcon_pkg'
[11.275s] Level 1:colcon.colcon_core.package_identification:_identify(logs) by extensions ['colcon_meta']
[11.275s] Level 1:colcon.colcon_core.package_identification:_identify(logs) by extension 'colcon_meta'
[11.275s] Level 1:colcon.colcon_core.package_identification:_identify(logs) by extensions ['ros']
[11.275s] Level 1:colcon.colcon_core.package_identification:_identify(logs) by extension 'ros'
[11.276s] Level 1:colcon.colcon_core.package_identification:_identify(logs) by extensions ['cmake', 'python']
[11.276s] Level 1:colcon.colcon_core.package_identification:_identify(logs) by extension 'cmake'
[11.276s] Level 1:colcon.colcon_core.package_identification:_identify(logs) by extension 'python'
[11.276s] Level 1:colcon.colcon_core.package_identification:_identify(logs) by extensions ['python_setup_py']
[11.276s] Level 1:colcon.colcon_core.package_identification:_identify(logs) by extension 'python_setup_py'
[11.277s] Level 1:colcon.colcon_core.package_discovery:discover_packages(recursive) using defaults
[11.277s] Level 1:colcon.colcon_core.package_discovery:discover_packages(ignore) discover
[11.277s] Level 1:colcon.colcon_core.package_discovery:discover_packages(ignore) using defaults
[11.277s] Level 1:colcon.colcon_core.package_discovery:discover_packages(path) discover
[11.277s] Level 1:colcon.colcon_core.package_discovery:discover_packages(path) using defaults
[11.339s] WARNING:colcon.colcon_core.package_selection:ignoring unknown package 'mycontrolbot' in --packages-select
[11.899s] Level 1:colcon.colcon_core.package_discovery:discover_packages(prefix_path) check parameters
[11.899s] Level 1:colcon.colcon_core.package_discovery:discover_packages(prefix_path) discover
[12.089s] DEBUG:colcon.colcon_installed_package_information.package_discovery:Found 7 installed packages in /home/pi/turtlebot3_ws/install
[12.153s] DEBUG:colcon.colcon_installed_package_information.package_discovery:Found 0 installed packages in /home/pi/ros2_ws/install
[12.216s] DEBUG:colcon.colcon_installed_package_information.package_discovery:Found 4 installed packages in /home/pi/install
[12.285s] DEBUG:colcon.colcon_installed_package_information.package_discovery:Found 273 installed packages in /opt/ros/humble
[12.291s] Level 1:colcon.colcon_core.package_discovery:discover_packages(prefix_path) using defaults
[12.965s] INFO:colcon.colcon_core.executor:Executing jobs using 'parallel' executor
[13.029s] DEBUG:colcon.colcon_parallel_executor.executor.parallel:run_until_complete
[13.029s] DEBUG:colcon.colcon_parallel_executor.executor.parallel:closing loop
[13.030s] DEBUG:colcon.colcon_parallel_executor.executor.parallel:loop closed
[13.030s] DEBUG:colcon.colcon_parallel_executor.executor.parallel:run_until_complete finished with '0'
[13.030s] DEBUG:colcon.colcon_core.event_reactor:joining thread
[13.123s] INFO:colcon.colcon_core.plugin_system:Skipping extension 'colcon_notification.desktop_notification.terminal_notifier': Not used on non-Darwin systems
[13.123s] INFO:colcon.colcon_core.plugin_system:Skipping extension 'colcon_notification.desktop_notification.win32': Not used on non-Windows systems
[13.124s] INFO:colcon.colcon_notification.desktop_notification:Sending desktop notification using 'notify2'
[13.206s] DEBUG:colcon.colcon_core.event_reactor:joined thread
[13.367s] INFO:colcon.colcon_core.plugin_system:Skipping extension 'colcon_core.shell.bat': Not used on non-Windows systems
[13.368s] INFO:colcon.colcon_core.shell:Creating prefix script '/home/pi/turtlebot3_ws/src/mycontrolbot/mycontrolbot/install/local_setup.ps1'
[13.375s] INFO:colcon.colcon_core.shell:Creating prefix util module '/home/pi/turtlebot3_ws/src/mycontrolbot/mycontrolbot/install/_local_setup_util_ps1.py'
[13.461s] INFO:colcon.colcon_core.shell:Creating prefix chain script '/home/pi/turtlebot3_ws/src/mycontrolbot/mycontrolbot/install/setup.ps1'
[13.616s] INFO:colcon.colcon_core.shell:Creating prefix script '/home/pi/turtlebot3_ws/src/mycontrolbot/mycontrolbot/install/local_setup.sh'
[13.696s] INFO:colcon.colcon_core.shell:Creating prefix util module '/home/pi/turtlebot3_ws/src/mycontrolbot/mycontrolbot/install/_local_setup_util_sh.py'
[13.701s] INFO:colcon.colcon_core.shell:Creating prefix chain script '/home/pi/turtlebot3_ws/src/mycontrolbot/mycontrolbot/install/setup.sh'
[14.103s] INFO:colcon.colcon_core.shell:Creating prefix script '/home/pi/turtlebot3_ws/src/mycontrolbot/mycontrolbot/install/local_setup.bash'
[18.436s] INFO:colcon.colcon_core.shell:Creating prefix chain script '/home/pi/turtlebot3_ws/src/mycontrolbot/mycontrolbot/install/setup.bash'
[18.683s] INFO:colcon.colcon_core.shell:Creating prefix script '/home/pi/turtlebot3_ws/src/mycontrolbot/mycontrolbot/install/local_setup.zsh'
[18.739s] INFO:colcon.colcon_core.shell:Creating prefix chain script '/home/pi/turtlebot3_ws/src/mycontrolbot/mycontrolbot/install/setup.zsh'
